<?xml version="1.0" encoding="UTF-8"?>
<testsuite name="com.app.server.service.PasswordPolicyTestCase" tests="4" skipped="0" failures="0" errors="0" timestamp="2016-01-29T10:57:55" hostname="270213fe0f11" time="17.942">
  <properties/>
  <testcase name="test1Save" classname="com.app.server.service.PasswordPolicyTestCase" time="17.799"/>
  <testcase name="test2Update" classname="com.app.server.service.PasswordPolicyTestCase" time="0.087"/>
  <testcase name="test3FindById" classname="com.app.server.service.PasswordPolicyTestCase" time="0.007"/>
  <testcase name="test4Delete" classname="com.app.server.service.PasswordPolicyTestCase" time="0.048"/>
  <system-out><![CDATA[[EL Config]: metadata: 2016-01-29 10:58:01.269--ServerSession(995522444)--Thread(Thread[Test worker,5,main])--The access type for the persistent class [class com.athena.shared.entity.ArtEntity] is set to [FIELD].
[EL Config]: metadata: 2016-01-29 10:58:01.291--ServerSession(995522444)--Thread(Thread[Test worker,5,main])--The access type for the persistent class [class com.athena.shared.entity.AuditPropertiesEntity] is set to [FIELD].
[EL Config]: metadata: 2016-01-29 10:58:01.293--ServerSession(995522444)--Thread(Thread[Test worker,5,main])--The access type for the persistent class [class com.athena.shared.entity.query.ArtQuery] is set to [FIELD].
[EL Config]: metadata: 2016-01-29 10:58:01.295--ServerSession(995522444)--Thread(Thread[Test worker,5,main])--The access type for the persistent class [class com.app.shared.location.Currency] is set to [FIELD].
[EL Config]: metadata: 2016-01-29 10:58:01.298--ServerSession(995522444)--Thread(Thread[Test worker,5,main])--The access type for the persistent class [class com.athena.shared.entity.query.ArtTableEntityRelation] is set to [FIELD].
[EL Config]: metadata: 2016-01-29 10:58:01.304--ServerSession(995522444)--Thread(Thread[Test worker,5,main])--The target entity (reference) class for the one to one mapping element [field reffKeyDetails] is being defaulted to: class com.athena.shared.entity.query.ArtTableFieldDetails.
[EL Config]: metadata: 2016-01-29 10:58:01.305--ServerSession(995522444)--Thread(Thread[Test worker,5,main])--The target entity (reference) class for the one to one mapping element [field owingKeyDetails] is being defaulted to: class com.athena.shared.entity.query.ArtTableFieldDetails.
[EL Config]: metadata: 2016-01-29 10:58:01.305--ServerSession(995522444)--Thread(Thread[Test worker,5,main])--The target entity (reference) class for the one to one mapping element [field reffTableDetails] is being defaulted to: class com.athena.shared.entity.query.ArtTableDetails.
[EL Config]: metadata: 2016-01-29 10:58:01.306--ServerSession(995522444)--Thread(Thread[Test worker,5,main])--The target entity (reference) class for the many to one mapping element [field owningTableDetails] is being defaulted to: class com.athena.shared.entity.query.ArtTableDetails.
[EL Config]: metadata: 2016-01-29 10:58:01.307--ServerSession(995522444)--Thread(Thread[Test worker,5,main])--The access type for the persistent class [class com.athena.shared.entity.report.ArtServiceOperation] is set to [FIELD].
[EL Config]: metadata: 2016-01-29 10:58:01.307--ServerSession(995522444)--Thread(Thread[Test worker,5,main])--The target entity (reference) class for the many to one mapping element [field artservice] is being defaulted to: class com.athena.shared.entity.report.ArtService.
[EL Config]: metadata: 2016-01-29 10:58:01.309--ServerSession(995522444)--Thread(Thread[Test worker,5,main])--The access type for the persistent class [class com.athena.shared.entity.report.ArtChartTemplate] is set to [FIELD].
[EL Config]: metadata: 2016-01-29 10:58:01.31--ServerSession(995522444)--Thread(Thread[Test worker,5,main])--The access type for the persistent class [class com.spartan.sprinkler.entity.AuditPropertiesEntity] is set to [FIELD].
[EL Config]: metadata: 2016-01-29 10:58:01.311--ServerSession(995522444)--Thread(Thread[Test worker,5,main])--The access type for the persistent class [class com.spartan.sprinkler.entity.ArtLogConfig] is set to [FIELD].
[EL Config]: metadata: 2016-01-29 10:58:01.315--ServerSession(995522444)--Thread(Thread[Test worker,5,main])--The target entity (reference) class for the one to many mapping element [field logConnectors] is being defaulted to: class com.spartan.sprinkler.entity.ArtLogConnector.
[EL Config]: metadata: 2016-01-29 10:58:01.316--ServerSession(995522444)--Thread(Thread[Test worker,5,main])--The target entity (reference) class for the one to many mapping element [field loggingProperties] is being defaulted to: class com.spartan.sprinkler.entity.ArtLoggingProperties.
[EL Config]: metadata: 2016-01-29 10:58:01.316--ServerSession(995522444)--Thread(Thread[Test worker,5,main])--The target entity (reference) class for the one to many mapping element [field logSeverity] is being defaulted to: class com.spartan.sprinkler.entity.ArtLogSeverity.
[EL Config]: metadata: 2016-01-29 10:58:01.317--ServerSession(995522444)--Thread(Thread[Test worker,5,main])--The access type for the persistent class [class com.spartan.sprinkler.entity.ArtLogModule] is set to [FIELD].
[EL Config]: metadata: 2016-01-29 10:58:01.318--ServerSession(995522444)--Thread(Thread[Test worker,5,main])--The target entity (reference) class for the one to many mapping element [field appAlarm] is being defaulted to: class com.spartan.sprinkler.entity.ArtAppAlarm.
[EL Config]: metadata: 2016-01-29 10:58:01.318--ServerSession(995522444)--Thread(Thread[Test worker,5,main])--The access type for the persistent class [class com.app.shared.contacts.CommunicationGroup] is set to [FIELD].
[EL Config]: metadata: 2016-01-29 10:58:01.319--ServerSession(995522444)--Thread(Thread[Test worker,5,main])--The access type for the persistent class [class com.app.shared.location.District] is set to [FIELD].
[EL Config]: metadata: 2016-01-29 10:58:01.32--ServerSession(995522444)--Thread(Thread[Test worker,5,main])--The access type for the persistent class [class com.athena.shared.entity.report.ArtChartCategory] is set to [FIELD].
[EL Config]: metadata: 2016-01-29 10:58:01.32--ServerSession(995522444)--Thread(Thread[Test worker,5,main])--The target entity (reference) class for the one to one mapping element [field chart_json_id] is being defaulted to: class com.athena.shared.entity.report.ArtChartJson.
[EL Config]: metadata: 2016-01-29 10:58:01.321--ServerSession(995522444)--Thread(Thread[Test worker,5,main])--The access type for the persistent class [class com.spartan.sprinkler.entity.ArtLoggingProperties] is set to [FIELD].
[EL Config]: metadata: 2016-01-29 10:58:01.322--ServerSession(995522444)--Thread(Thread[Test worker,5,main])--The target entity (reference) class for the many to one mapping element [field logConfig] is being defaulted to: class com.spartan.sprinkler.entity.ArtLogConfig.
[EL Config]: metadata: 2016-01-29 10:58:01.322--ServerSession(995522444)--Thread(Thread[Test worker,5,main])--The access type for the persistent class [class com.athena.cloud.shared.entity.CloudDriveContentType] is set to [FIELD].
[EL Config]: metadata: 2016-01-29 10:58:01.323--ServerSession(995522444)--Thread(Thread[Test worker,5,main])--The access type for the persistent class [class com.athena.shared.entity.report.ArtChartProperties] is set to [FIELD].
[EL Config]: metadata: 2016-01-29 10:58:01.324--ServerSession(995522444)--Thread(Thread[Test worker,5,main])--The access type for the persistent class [class com.app.shared.location.Country] is set to [FIELD].
[EL Config]: metadata: 2016-01-29 10:58:01.325--ServerSession(995522444)--Thread(Thread[Test worker,5,main])--The access type for the persistent class [class com.app.shared.location.Village] is set to [FIELD].
[EL Config]: metadata: 2016-01-29 10:58:01.326--ServerSession(995522444)--Thread(Thread[Test worker,5,main])--The access type for the persistent class [class com.app.shared.authentication.Login] is set to [FIELD].
[EL Config]: metadata: 2016-01-29 10:58:01.326--ServerSession(995522444)--Thread(Thread[Test worker,5,main])--The target entity (reference) class for the one to one mapping element [field coreContacts] is being defaulted to: class com.app.shared.contacts.CoreContacts.
[EL Config]: metadata: 2016-01-29 10:58:01.327--ServerSession(995522444)--Thread(Thread[Test worker,5,main])--The target entity (reference) class for the one to one mapping element [field user] is being defaulted to: class com.app.shared.authentication.User.
[EL Config]: metadata: 2016-01-29 10:58:01.327--ServerSession(995522444)--Thread(Thread[Test worker,5,main])--The access type for the persistent class [class com.athena.deo.model.AwsExternalIntegration] is set to [FIELD].
[EL Config]: metadata: 2016-01-29 10:58:01.328--ServerSession(995522444)--Thread(Thread[Test worker,5,main])--The access type for the persistent class [class com.athena.cloud.shared.entity.CloudDriveTagShared] is set to [FIELD].
[EL Config]: metadata: 2016-01-29 10:58:01.329--ServerSession(995522444)--Thread(Thread[Test worker,5,main])--The target entity (reference) class for the one to one mapping element [field tags] is being defaulted to: class com.athena.cloud.shared.entity.CloudDriveTags.
[EL Config]: metadata: 2016-01-29 10:58:01.33--ServerSession(995522444)--Thread(Thread[Test worker,5,main])--The access type for the persistent class [class com.athena.shared.entity.query.ArtUserMenu] is set to [FIELD].
[EL Config]: metadata: 2016-01-29 10:58:01.33--ServerSession(995522444)--Thread(Thread[Test worker,5,main])--The access type for the persistent class [class com.app.shared.authorization.AppMenus] is set to [FIELD].
[EL Config]: metadata: 2016-01-29 10:58:01.332--ServerSession(995522444)--Thread(Thread[Test worker,5,main])--The access type for the persistent class [class com.app.shared.survey.QuestionLinkage] is set to [FIELD].
[EL Config]: metadata: 2016-01-29 10:58:01.333--ServerSession(995522444)--Thread(Thread[Test worker,5,main])--The access type for the persistent class [class com.app.shared.location.Taluka] is set to [FIELD].
[EL Config]: metadata: 2016-01-29 10:58:01.334--ServerSession(995522444)--Thread(Thread[Test worker,5,main])--The access type for the persistent class [class com.app.shared.survey.AssessmentAnswer] is set to [FIELD].
[EL Config]: metadata: 2016-01-29 10:58:01.335--ServerSession(995522444)--Thread(Thread[Test worker,5,main])--The access type for the persistent class [class com.spartan.healthmeter.entity.HealthSchedulerConfiguration] is set to [FIELD].
[EL Config]: metadata: 2016-01-29 10:58:01.336--ServerSession(995522444)--Thread(Thread[Test worker,5,main])--The access type for the persistent class [class com.app.shared.authentication.UserData] is set to [FIELD].
[EL Config]: metadata: 2016-01-29 10:58:01.336--ServerSession(995522444)--Thread(Thread[Test worker,5,main])--The target entity (reference) class for the one to one mapping element [field user] is being defaulted to: class com.app.shared.authentication.User.
[EL Config]: metadata: 2016-01-29 10:58:01.337--ServerSession(995522444)--Thread(Thread[Test worker,5,main])--The access type for the persistent class [class com.athena.scheduler.entity.ArtScheduleConfig] is set to [FIELD].
[EL Config]: metadata: 2016-01-29 10:58:01.337--ServerSession(995522444)--Thread(Thread[Test worker,5,main])--The target entity (reference) class for the one to one mapping element [field artJobDetails] is being defaulted to: class com.athena.scheduler.entity.ArtJobDetails.
[EL Config]: metadata: 2016-01-29 10:58:01.338--ServerSession(995522444)--Thread(Thread[Test worker,5,main])--The access type for the persistent class [class com.athena.cloud.shared.entity.CloudDriveFileVersion] is set to [FIELD].
[EL Config]: metadata: 2016-01-29 10:58:01.338--ServerSession(995522444)--Thread(Thread[Test worker,5,main])--The target entity (reference) class for the one to one mapping element [field file] is being defaulted to: class com.athena.cloud.shared.entity.CloudDriveFiles.
[EL Config]: metadata: 2016-01-29 10:58:01.339--ServerSession(995522444)--Thread(Thread[Test worker,5,main])--The access type for the persistent class [class com.spartan.healthmeter.entity.ZenSchedulerHealth] is set to [FIELD].
[EL Config]: metadata: 2016-01-29 10:58:01.341--ServerSession(995522444)--Thread(Thread[Test worker,5,main])--The access type for the persistent class [class com.app.shared.customers.AppCustomerCategory] is set to [FIELD].
[EL Config]: metadata: 2016-01-29 10:58:01.341--ServerSession(995522444)--Thread(Thread[Test worker,5,main])--The access type for the persistent class [class com.athena.shared.entity.report.ArtChartType] is set to [FIELD].
[EL Config]: metadata: 2016-01-29 10:58:01.342--ServerSession(995522444)--Thread(Thread[Test worker,5,main])--The target entity (reference) class for the one to one mapping element [field chart_id] is being defaulted to: class com.athena.shared.entity.report.ArtChartCategory.
[EL Config]: metadata: 2016-01-29 10:58:01.342--ServerSession(995522444)--Thread(Thread[Test worker,5,main])--The access type for the persistent class [class com.app.shared.contacts.CoreContacts] is set to [FIELD].
[EL Config]: metadata: 2016-01-29 10:58:01.343--ServerSession(995522444)--Thread(Thread[Test worker,5,main])--The target entity (reference) class for the one to one mapping element [field timezone] is being defaulted to: class com.app.shared.location.Timezone.
[EL Config]: metadata: 2016-01-29 10:58:01.344--ServerSession(995522444)--Thread(Thread[Test worker,5,main])--The target entity (reference) class for the one to many mapping element [field address] is being defaulted to: class com.app.shared.location.Address.
[EL Config]: metadata: 2016-01-29 10:58:01.345--ServerSession(995522444)--Thread(Thread[Test worker,5,main])--The target entity (reference) class for the one to many mapping element [field communicationData] is being defaulted to: class com.app.shared.contacts.CommunicationData.
[EL Config]: metadata: 2016-01-29 10:58:01.345--ServerSession(995522444)--Thread(Thread[Test worker,5,main])--The access type for the persistent class [class com.athena.shared.entity.query.ArtDatabaseFunction] is set to [FIELD].
[EL Config]: metadata: 2016-01-29 10:58:01.346--ServerSession(995522444)--Thread(Thread[Test worker,5,main])--The access type for the persistent class [class com.spartan.shield.server.entity.AppSessionConfig] is set to [FIELD].
[EL Config]: metadata: 2016-01-29 10:58:01.347--ServerSession(995522444)--Thread(Thread[Test worker,5,main])--The access type for the persistent class [class com.athena.shared.entity.report.ArtChartPropLanguage] is set to [FIELD].
[EL Config]: metadata: 2016-01-29 10:58:01.347--ServerSession(995522444)--Thread(Thread[Test worker,5,main])--The target entity (reference) class for the one to one mapping element [field property_id] is being defaulted to: class com.athena.shared.entity.report.ArtChartProperties.
[EL Config]: metadata: 2016-01-29 10:58:01.347--ServerSession(995522444)--Thread(Thread[Test worker,5,main])--The target entity (reference) class for the one to one mapping element [field lang_id] is being defaulted to: class com.athena.shared.entity.report.ArtLangMaster.
[EL Config]: metadata: 2016-01-29 10:58:01.348--ServerSession(995522444)--Thread(Thread[Test worker,5,main])--The access type for the persistent class [class com.app.shared.location.Region] is set to [FIELD].
[EL Config]: metadata: 2016-01-29 10:58:01.349--ServerSession(995522444)--Thread(Thread[Test worker,5,main])--The access type for the persistent class [class com.athena.shared.entity.report.ArtLangMaster] is set to [FIELD].
[EL Config]: metadata: 2016-01-29 10:58:01.35--ServerSession(995522444)--Thread(Thread[Test worker,5,main])--The access type for the persistent class [class com.app.shared.authentication.PasswordAlgo] is set to [FIELD].
[EL Config]: metadata: 2016-01-29 10:58:01.35--ServerSession(995522444)--Thread(Thread[Test worker,5,main])--The access type for the persistent class [class com.app.shared.authentication.UserAccessDomain] is set to [FIELD].
[EL Config]: metadata: 2016-01-29 10:58:01.351--ServerSession(995522444)--Thread(Thread[Test worker,5,main])--The access type for the persistent class [class com.app.shared.location.AddressType] is set to [FIELD].
[EL Config]: metadata: 2016-01-29 10:58:01.351--ServerSession(995522444)--Thread(Thread[Test worker,5,main])--The access type for the persistent class [class com.app.shared.contacts.CommunicationType] is set to [FIELD].
[EL Config]: metadata: 2016-01-29 10:58:01.352--ServerSession(995522444)--Thread(Thread[Test worker,5,main])--The access type for the persistent class [class com.athena.cloud.shared.entity.CloudDriveDefaultTags] is set to [FIELD].
[EL Config]: metadata: 2016-01-29 10:58:01.352--ServerSession(995522444)--Thread(Thread[Test worker,5,main])--The access type for the persistent class [class com.app.shared.location.Language] is set to [FIELD].
[EL Config]: metadata: 2016-01-29 10:58:01.353--ServerSession(995522444)--Thread(Thread[Test worker,5,main])--The access type for the persistent class [class com.app.shared.customers.AppCustomerType] is set to [FIELD].
[EL Config]: metadata: 2016-01-29 10:58:01.353--ServerSession(995522444)--Thread(Thread[Test worker,5,main])--The access type for the persistent class [class com.spartan.healthmeter.entity.ZenRequestDetails] is set to [FIELD].
[EL Config]: metadata: 2016-01-29 10:58:01.354--ServerSession(995522444)--Thread(Thread[Test worker,5,main])--The access type for the persistent class [class com.athena.shared.entity.report.ArtReportBuilderDetails] is set to [FIELD].
[EL Config]: metadata: 2016-01-29 10:58:01.356--ServerSession(995522444)--Thread(Thread[Test worker,5,main])--The access type for the persistent class [class com.app.shared.authentication.UserAccessLevel] is set to [FIELD].
[EL Config]: metadata: 2016-01-29 10:58:01.356--ServerSession(995522444)--Thread(Thread[Test worker,5,main])--The access type for the persistent class [class com.app.shared.location.Address] is set to [FIELD].
[EL Config]: metadata: 2016-01-29 10:58:01.357--ServerSession(995522444)--Thread(Thread[Test worker,5,main])--The access type for the persistent class [class com.app.shared.location.Timezone] is set to [FIELD].
[EL Config]: metadata: 2016-01-29 10:58:01.357--ServerSession(995522444)--Thread(Thread[Test worker,5,main])--The access type for the persistent class [class com.spartan.healthmeter.entity.ZenHealthCounter] is set to [FIELD].
[EL Config]: metadata: 2016-01-29 10:58:01.358--ServerSession(995522444)--Thread(Thread[Test worker,5,main])--The access type for the persistent class [class com.athena.shared.entity.report.ArtReportUI] is set to [FIELD].
[EL Config]: metadata: 2016-01-29 10:58:01.359--ServerSession(995522444)--Thread(Thread[Test worker,5,main])--The access type for the persistent class [class com.athena.shared.entity.report.ArtChartDataFieldJson] is set to [FIELD].
[EL Config]: metadata: 2016-01-29 10:58:01.36--ServerSession(995522444)--Thread(Thread[Test worker,5,main])--The access type for the persistent class [class com.app.shared.contacts.Title] is set to [FIELD].
[EL Config]: metadata: 2016-01-29 10:58:01.36--ServerSession(995522444)--Thread(Thread[Test worker,5,main])--The access type for the persistent class [class com.athena.shared.entity.report.ArtService] is set to [FIELD].
[EL Config]: metadata: 2016-01-29 10:58:01.36--ServerSession(995522444)--Thread(Thread[Test worker,5,main])--The target entity (reference) class for the one to many mapping element [field artServiceOperations] is being defaulted to: class com.athena.shared.entity.report.ArtServiceOperation.
[EL Config]: metadata: 2016-01-29 10:58:01.361--ServerSession(995522444)--Thread(Thread[Test worker,5,main])--The access type for the persistent class [class com.spartan.sprinkler.entity.ArtLogSeverity] is set to [FIELD].
[EL Config]: metadata: 2016-01-29 10:58:01.361--ServerSession(995522444)--Thread(Thread[Test worker,5,main])--The target entity (reference) class for the many to one mapping element [field logConfig] is being defaulted to: class com.spartan.sprinkler.entity.ArtLogConfig.
[EL Config]: metadata: 2016-01-29 10:58:01.362--ServerSession(995522444)--Thread(Thread[Test worker,5,main])--The access type for the persistent class [class com.app.shared.authorization.Roles] is set to [FIELD].
[EL Config]: metadata: 2016-01-29 10:58:01.362--ServerSession(995522444)--Thread(Thread[Test worker,5,main])--The target entity (reference) class for the one to many mapping element [field roleMenuBridge] is being defaulted to: class com.app.shared.authorization.RoleMenuBridge.
[EL Config]: metadata: 2016-01-29 10:58:01.363--ServerSession(995522444)--Thread(Thread[Test worker,5,main])--The access type for the persistent class [class com.athena.shared.entity.query.ArtMenu] is set to [FIELD].
[EL Config]: metadata: 2016-01-29 10:58:01.364--ServerSession(995522444)--Thread(Thread[Test worker,5,main])--The access type for the persistent class [class com.app.shared.survey.AssessmentTran] is set to [FIELD].
[EL Config]: metadata: 2016-01-29 10:58:01.364--ServerSession(995522444)--Thread(Thread[Test worker,5,main])--The access type for the persistent class [class com.app.shared.survey.UserAssessment] is set to [FIELD].
[EL Config]: metadata: 2016-01-29 10:58:01.365--ServerSession(995522444)--Thread(Thread[Test worker,5,main])--The access type for the persistent class [class com.athena.cloud.shared.entity.CloudDriveTags] is set to [FIELD].
[EL Config]: metadata: 2016-01-29 10:58:01.365--ServerSession(995522444)--Thread(Thread[Test worker,5,main])--The target entity (reference) class for the one to many mapping element [field awsCloudDriveTagFiles] is being defaulted to: class com.athena.cloud.shared.entity.CloudDriveTagFiles.
[EL Config]: metadata: 2016-01-29 10:58:01.366--ServerSession(995522444)--Thread(Thread[Test worker,5,main])--The access type for the persistent class [class com.spartan.healthmeter.entity.ArtHealthStatusConfiguration] is set to [FIELD].
[EL Config]: metadata: 2016-01-29 10:58:01.366--ServerSession(995522444)--Thread(Thread[Test worker,5,main])--The access type for the persistent class [class com.spartan.sprinkler.entity.ArtAppAlarm] is set to [FIELD].
[EL Config]: metadata: 2016-01-29 10:58:01.367--ServerSession(995522444)--Thread(Thread[Test worker,5,main])--The target entity (reference) class for the many to one mapping element [field logmodule] is being defaulted to: class com.spartan.sprinkler.entity.ArtLogModule.
[EL Config]: metadata: 2016-01-29 10:58:01.367--ServerSession(995522444)--Thread(Thread[Test worker,5,main])--The access type for the persistent class [class com.athena.cloud.shared.entity.CloudDriveFiles] is set to [FIELD].
[EL Config]: metadata: 2016-01-29 10:58:01.368--ServerSession(995522444)--Thread(Thread[Test worker,5,main])--The target entity (reference) class for the many to many mapping element [field tags] is being defaulted to: class com.athena.cloud.shared.entity.CloudDriveTags.
[EL Config]: metadata: 2016-01-29 10:58:01.368--ServerSession(995522444)--Thread(Thread[Test worker,5,main])--The target entity (reference) class for the one to one mapping element [field contentType] is being defaulted to: class com.athena.cloud.shared.entity.CloudDriveContentType.
[EL Config]: metadata: 2016-01-29 10:58:01.369--ServerSession(995522444)--Thread(Thread[Test worker,5,main])--The access type for the persistent class [class com.athena.shared.entity.query.ArtTableDetails] is set to [FIELD].
[EL Config]: metadata: 2016-01-29 10:58:01.369--ServerSession(995522444)--Thread(Thread[Test worker,5,main])--The target entity (reference) class for the one to many mapping element [field entityRelations] is being defaulted to: class com.athena.shared.entity.query.ArtTableEntityRelation.
[EL Config]: metadata: 2016-01-29 10:58:01.369--ServerSession(995522444)--Thread(Thread[Test worker,5,main])--The target entity (reference) class for the one to many mapping element [field artTableFieldDetail] is being defaulted to: class com.athena.shared.entity.query.ArtTableFieldDetails.
[EL Config]: metadata: 2016-01-29 10:58:01.37--ServerSession(995522444)--Thread(Thread[Test worker,5,main])--The access type for the persistent class [class com.app.shared.authorization.UserRoleBridge] is set to [FIELD].
[EL Config]: metadata: 2016-01-29 10:58:01.371--ServerSession(995522444)--Thread(Thread[Test worker,5,main])--The access type for the persistent class [class com.app.shared.contacts.ContactType] is set to [FIELD].
[EL Config]: metadata: 2016-01-29 10:58:01.371--ServerSession(995522444)--Thread(Thread[Test worker,5,main])--The access type for the persistent class [class com.athena.shared.entity.report.ArtChartJson] is set to [FIELD].
[EL Config]: metadata: 2016-01-29 10:58:01.372--ServerSession(995522444)--Thread(Thread[Test worker,5,main])--The target entity (reference) class for the one to one mapping element [field data_field_id] is being defaulted to: class com.athena.shared.entity.report.ArtChartDataFieldJson.
[EL Config]: metadata: 2016-01-29 10:58:01.372--ServerSession(995522444)--Thread(Thread[Test worker,5,main])--The access type for the persistent class [class com.app.shared.contacts.CommunicationData] is set to [FIELD].
[EL Config]: metadata: 2016-01-29 10:58:01.373--ServerSession(995522444)--Thread(Thread[Test worker,5,main])--The access type for the persistent class [class com.spartan.healthmeter.entity.ZenHealthGauge] is set to [FIELD].
[EL Config]: metadata: 2016-01-29 10:58:01.373--ServerSession(995522444)--Thread(Thread[Test worker,5,main])--The access type for the persistent class [class com.app.shared.authentication.Question] is set to [FIELD].
[EL Config]: metadata: 2016-01-29 10:58:01.374--ServerSession(995522444)--Thread(Thread[Test worker,5,main])--The access type for the persistent class [class com.app.shared.authentication.SessionData] is set to [FIELD].
[EL Config]: metadata: 2016-01-29 10:58:01.374--ServerSession(995522444)--Thread(Thread[Test worker,5,main])--The access type for the persistent class [class com.athena.shared.entity.query.ArtUserLastStatus] is set to [FIELD].
[EL Config]: metadata: 2016-01-29 10:58:01.375--ServerSession(995522444)--Thread(Thread[Test worker,5,main])--The access type for the persistent class [class com.athena.shared.entity.query.ArtMasterForm] is set to [FIELD].
[EL Config]: metadata: 2016-01-29 10:58:01.376--ServerSession(995522444)--Thread(Thread[Test worker,5,main])--The access type for the persistent class [class com.app.shared.survey.AssessmentQuestion] is set to [FIELD].
[EL Config]: metadata: 2016-01-29 10:58:01.376--ServerSession(995522444)--Thread(Thread[Test worker,5,main])--The target entity (reference) class for the one to many mapping element [field assessmentAnswer] is being defaulted to: class com.app.shared.survey.AssessmentAnswer.
[EL Config]: metadata: 2016-01-29 10:58:01.376--ServerSession(995522444)--Thread(Thread[Test worker,5,main])--The access type for the persistent class [class com.app.shared.survey.AssessmentStatus] is set to [FIELD].
[EL Config]: metadata: 2016-01-29 10:58:01.377--ServerSession(995522444)--Thread(Thread[Test worker,5,main])--The access type for the persistent class [class com.app.shared.survey.UserAssessmentTemp] is set to [FIELD].
[EL Config]: metadata: 2016-01-29 10:58:01.377--ServerSession(995522444)--Thread(Thread[Test worker,5,main])--The access type for the persistent class [class com.app.shared.contacts.Gender] is set to [FIELD].
[EL Config]: metadata: 2016-01-29 10:58:01.377--ServerSession(995522444)--Thread(Thread[Test worker,5,main])--The access type for the persistent class [class com.app.shared.authentication.LoginSession] is set to [FIELD].
[EL Config]: metadata: 2016-01-29 10:58:01.378--ServerSession(995522444)--Thread(Thread[Test worker,5,main])--The access type for the persistent class [class com.athena.shared.entity.query.ArtDatabaseOperators] is set to [FIELD].
[EL Config]: metadata: 2016-01-29 10:58:01.378--ServerSession(995522444)--Thread(Thread[Test worker,5,main])--The access type for the persistent class [class com.spartan.sprinkler.entity.ArtLogConnector] is set to [FIELD].
[EL Config]: metadata: 2016-01-29 10:58:01.378--ServerSession(995522444)--Thread(Thread[Test worker,5,main])--The target entity (reference) class for the one to many mapping element [field logConnectorAttributes] is being defaulted to: class com.spartan.sprinkler.entity.ArtLogConnectorAttributes.
[EL Config]: metadata: 2016-01-29 10:58:01.379--ServerSession(995522444)--Thread(Thread[Test worker,5,main])--The target entity (reference) class for the many to one mapping element [field logConfig] is being defaulted to: class com.spartan.sprinkler.entity.ArtLogConfig.
[EL Config]: metadata: 2016-01-29 10:58:01.379--ServerSession(995522444)--Thread(Thread[Test worker,5,main])--The access type for the persistent class [class com.athena.cloud.shared.entity.CloudDriveFileShared] is set to [FIELD].
[EL Config]: metadata: 2016-01-29 10:58:01.379--ServerSession(995522444)--Thread(Thread[Test worker,5,main])--The target entity (reference) class for the one to one mapping element [field file] is being defaulted to: class com.athena.cloud.shared.entity.CloudDriveFiles.
[EL Config]: metadata: 2016-01-29 10:58:01.38--ServerSession(995522444)--Thread(Thread[Test worker,5,main])--The access type for the persistent class [class com.app.shared.location.City] is set to [FIELD].
[EL Config]: metadata: 2016-01-29 10:58:01.38--ServerSession(995522444)--Thread(Thread[Test worker,5,main])--The access type for the persistent class [class com.spartan.healthmeter.entity.ZenHealthStatus] is set to [FIELD].
[EL Config]: metadata: 2016-01-29 10:58:01.381--ServerSession(995522444)--Thread(Thread[Test worker,5,main])--The access type for the persistent class [class com.app.shared.authorization.RoleMenuBridge] is set to [FIELD].
[EL Config]: metadata: 2016-01-29 10:58:01.381--ServerSession(995522444)--Thread(Thread[Test worker,5,main])--The target entity (reference) class for the one to one mapping element [field roles] is being defaulted to: class com.app.shared.authorization.Roles.
[EL Config]: metadata: 2016-01-29 10:58:01.381--ServerSession(995522444)--Thread(Thread[Test worker,5,main])--The access type for the persistent class [class com.app.shared.authentication.PassRecovery] is set to [FIELD].
[EL Config]: metadata: 2016-01-29 10:58:01.382--ServerSession(995522444)--Thread(Thread[Test worker,5,main])--The target entity (reference) class for the one to one mapping element [field user] is being defaulted to: class com.app.shared.authentication.User.
[EL Config]: metadata: 2016-01-29 10:58:01.382--ServerSession(995522444)--Thread(Thread[Test worker,5,main])--The access type for the persistent class [class com.app.shared.location.AddressExtended] is set to [FIELD].
[EL Config]: metadata: 2016-01-29 10:58:01.383--ServerSession(995522444)--Thread(Thread[Test worker,5,main])--The access type for the persistent class [class com.app.shared.location.State] is set to [FIELD].
[EL Config]: metadata: 2016-01-29 10:58:01.383--ServerSession(995522444)--Thread(Thread[Test worker,5,main])--The access type for the persistent class [class com.athena.shared.entity.query.ArtTableFieldDetails] is set to [FIELD].
[EL Config]: metadata: 2016-01-29 10:58:01.384--ServerSession(995522444)--Thread(Thread[Test worker,5,main])--The target entity (reference) class for the many to one mapping element [field awsTableDetail] is being defaulted to: class com.athena.shared.entity.query.ArtTableDetails.
[EL Config]: metadata: 2016-01-29 10:58:01.384--ServerSession(995522444)--Thread(Thread[Test worker,5,main])--The access type for the persistent class [class com.spartan.healthmeter.entity.ArtHealthSchedulerConfiguration] is set to [FIELD].
[EL Config]: metadata: 2016-01-29 10:58:01.385--ServerSession(995522444)--Thread(Thread[Test worker,5,main])--The access type for the persistent class [class com.athena.scheduler.entity.ArtJobDetails] is set to [FIELD].
[EL Config]: metadata: 2016-01-29 10:58:01.385--ServerSession(995522444)--Thread(Thread[Test worker,5,main])--The target entity (reference) class for the one to one mapping element [field artScheduleConfig] is being defaulted to: class com.athena.scheduler.entity.ArtScheduleConfig.
[EL Config]: metadata: 2016-01-29 10:58:01.385--ServerSession(995522444)--Thread(Thread[Test worker,5,main])--The access type for the persistent class [class com.athena.ruleengine.shared.ArtRules] is set to [FIELD].
[EL Config]: metadata: 2016-01-29 10:58:01.386--ServerSession(995522444)--Thread(Thread[Test worker,5,main])--The access type for the persistent class [class com.athena.cloud.shared.entity.CloudDriveTagFiles] is set to [FIELD].
[EL Config]: metadata: 2016-01-29 10:58:01.386--ServerSession(995522444)--Thread(Thread[Test worker,5,main])--The target entity (reference) class for the one to one mapping element [field tags] is being defaulted to: class com.athena.cloud.shared.entity.CloudDriveTags.
[EL Config]: metadata: 2016-01-29 10:58:01.386--ServerSession(995522444)--Thread(Thread[Test worker,5,main])--The target entity (reference) class for the one to one mapping element [field file] is being defaulted to: class com.athena.cloud.shared.entity.CloudDriveFiles.
[EL Config]: metadata: 2016-01-29 10:58:01.386--ServerSession(995522444)--Thread(Thread[Test worker,5,main])--The access type for the persistent class [class com.spartan.healthmeter.entity.ZenHealth] is set to [FIELD].
[EL Config]: metadata: 2016-01-29 10:58:01.388--ServerSession(995522444)--Thread(Thread[Test worker,5,main])--The access type for the persistent class [class com.app.shared.customers.AppCustomer] is set to [FIELD].
[EL Config]: metadata: 2016-01-29 10:58:01.389--ServerSession(995522444)--Thread(Thread[Test worker,5,main])--The access type for the persistent class [class com.app.shared.authentication.User] is set to [FIELD].
[EL Config]: metadata: 2016-01-29 10:58:01.389--ServerSession(995522444)--Thread(Thread[Test worker,5,main])--The target entity (reference) class for the one to one mapping element [field userData] is being defaulted to: class com.app.shared.authentication.UserData.
[EL Config]: metadata: 2016-01-29 10:58:01.39--ServerSession(995522444)--Thread(Thread[Test worker,5,main])--The target entity (reference) class for the one to many mapping element [field passRecovery] is being defaulted to: class com.app.shared.authentication.PassRecovery.
[EL Config]: metadata: 2016-01-29 10:58:01.39--ServerSession(995522444)--Thread(Thread[Test worker,5,main])--The access type for the persistent class [class com.app.shared.authentication.PasswordPolicy] is set to [FIELD].
[EL Config]: metadata: 2016-01-29 10:58:01.39--ServerSession(995522444)--Thread(Thread[Test worker,5,main])--The access type for the persistent class [class com.app.shared.survey.QuestionInference] is set to [FIELD].
[EL Config]: metadata: 2016-01-29 10:58:01.391--ServerSession(995522444)--Thread(Thread[Test worker,5,main])--The access type for the persistent class [class com.athena.server.bean.EntityBean] is set to [FIELD].
[EL Config]: metadata: 2016-01-29 10:58:01.391--ServerSession(995522444)--Thread(Thread[Test worker,5,main])--The access type for the persistent class [class com.app.shared.survey.Assessments] is set to [FIELD].
[EL Config]: metadata: 2016-01-29 10:58:01.392--ServerSession(995522444)--Thread(Thread[Test worker,5,main])--The access type for the persistent class [class com.spartan.sprinkler.entity.ArtLogConnectorAttributes] is set to [FIELD].
[EL Config]: metadata: 2016-01-29 10:58:01.392--ServerSession(995522444)--Thread(Thread[Test worker,5,main])--The target entity (reference) class for the many to one mapping element [field logConnector] is being defaulted to: class com.spartan.sprinkler.entity.ArtLogConnector.
[EL Config]: metadata: 2016-01-29 10:58:01.393--ServerSession(995522444)--Thread(Thread[Test worker,5,main])--The access type for the persistent class [class com.athena.shared.entity.query.ArtDatabaseAggregate] is set to [FIELD].
[EL Config]: metadata: 2016-01-29 10:58:01.393--ServerSession(995522444)--Thread(Thread[Test worker,5,main])--The access type for the persistent class [class com.spartan.healthmeter.shared.EntityAudit] is set to [FIELD].
[EL Config]: metadata: 2016-01-29 10:58:01.394--ServerSession(995522444)--Thread(Thread[Test worker,5,main])--The access type for the persistent class [class com.app.shared.SystemInfo] is set to [FIELD].
[EL Config]: metadata: 2016-01-29 10:58:01.394--ServerSession(995522444)--Thread(Thread[Test worker,5,main])--The access type for the persistent class [class com.spartan.healthmeter.shared.SystemInfo] is set to [FIELD].
[EL Config]: metadata: 2016-01-29 10:58:01.395--ServerSession(995522444)--Thread(Thread[Test worker,5,main])--The access type for the persistent class [class com.app.shared.EntityAudit] is set to [FIELD].
[EL Config]: metadata: 2016-01-29 10:58:01.395--ServerSession(995522444)--Thread(Thread[Test worker,5,main])--The access type for the persistent class [class com.athena.scheduler.entity.SystemInfo] is set to [FIELD].
[EL Config]: metadata: 2016-01-29 10:58:01.395--ServerSession(995522444)--Thread(Thread[Test worker,5,main])--The access type for the persistent class [class com.athena.scheduler.entity.EntityAudit] is set to [FIELD].
[EL Config]: metadata: 2016-01-29 10:58:01.401--ServerSession(995522444)--Thread(Thread[Test worker,5,main])--The alias name for the entity class [class com.athena.shared.entity.query.ArtQuery] is being defaulted to: ArtQuery.
[EL Config]: metadata: 2016-01-29 10:58:01.41--ServerSession(995522444)--Thread(Thread[Test worker,5,main])--The alias name for the entity class [class com.app.shared.location.Currency] is being defaulted to: Currency.
[EL Config]: metadata: 2016-01-29 10:58:01.414--ServerSession(995522444)--Thread(Thread[Test worker,5,main])--The alias name for the entity class [class com.athena.shared.entity.query.ArtTableEntityRelation] is being defaulted to: ArtTableEntityRelation.
[EL Config]: metadata: 2016-01-29 10:58:01.415--ServerSession(995522444)--Thread(Thread[Test worker,5,main])--The alias name for the entity class [class com.athena.shared.entity.report.ArtServiceOperation] is being defaulted to: ArtServiceOperation.
[EL Config]: metadata: 2016-01-29 10:58:01.416--ServerSession(995522444)--Thread(Thread[Test worker,5,main])--The alias name for the entity class [class com.athena.shared.entity.report.ArtChartTemplate] is being defaulted to: ArtChartTemplate.
[EL Config]: metadata: 2016-01-29 10:58:01.417--ServerSession(995522444)--Thread(Thread[Test worker,5,main])--The alias name for the entity class [class com.spartan.sprinkler.entity.ArtLogConfig] is being defaulted to: ArtLogConfig.
[EL Config]: metadata: 2016-01-29 10:58:01.417--ServerSession(995522444)--Thread(Thread[Test worker,5,main])--The alias name for the entity class [class com.spartan.sprinkler.entity.ArtLogModule] is being defaulted to: ArtLogModule.
[EL Config]: metadata: 2016-01-29 10:58:01.418--ServerSession(995522444)--Thread(Thread[Test worker,5,main])--The alias name for the entity class [class com.app.shared.contacts.CommunicationGroup] is being defaulted to: CommunicationGroup.
[EL Config]: metadata: 2016-01-29 10:58:01.418--ServerSession(995522444)--Thread(Thread[Test worker,5,main])--The alias name for the entity class [class com.app.shared.location.District] is being defaulted to: District.
[EL Config]: metadata: 2016-01-29 10:58:01.419--ServerSession(995522444)--Thread(Thread[Test worker,5,main])--The alias name for the entity class [class com.athena.shared.entity.report.ArtChartCategory] is being defaulted to: ArtChartCategory.
[EL Config]: metadata: 2016-01-29 10:58:01.42--ServerSession(995522444)--Thread(Thread[Test worker,5,main])--The alias name for the entity class [class com.spartan.sprinkler.entity.ArtLoggingProperties] is being defaulted to: ArtLoggingProperties.
[EL Config]: metadata: 2016-01-29 10:58:01.42--ServerSession(995522444)--Thread(Thread[Test worker,5,main])--The alias name for the entity class [class com.athena.cloud.shared.entity.CloudDriveContentType] is being defaulted to: CloudDriveContentType.
[EL Config]: metadata: 2016-01-29 10:58:01.421--ServerSession(995522444)--Thread(Thread[Test worker,5,main])--The alias name for the entity class [class com.athena.shared.entity.report.ArtChartProperties] is being defaulted to: ArtChartProperties.
[EL Config]: metadata: 2016-01-29 10:58:01.421--ServerSession(995522444)--Thread(Thread[Test worker,5,main])--The alias name for the entity class [class com.app.shared.location.Country] is being defaulted to: Country.
[EL Config]: metadata: 2016-01-29 10:58:01.422--ServerSession(995522444)--Thread(Thread[Test worker,5,main])--The alias name for the entity class [class com.app.shared.location.Village] is being defaulted to: Village.
[EL Config]: metadata: 2016-01-29 10:58:01.423--ServerSession(995522444)--Thread(Thread[Test worker,5,main])--The alias name for the entity class [class com.app.shared.authentication.Login] is being defaulted to: Login.
[EL Config]: metadata: 2016-01-29 10:58:01.424--ServerSession(995522444)--Thread(Thread[Test worker,5,main])--The alias name for the entity class [class com.athena.deo.model.AwsExternalIntegration] is being defaulted to: AwsExternalIntegration.
[EL Config]: metadata: 2016-01-29 10:58:01.424--ServerSession(995522444)--Thread(Thread[Test worker,5,main])--The alias name for the entity class [class com.athena.cloud.shared.entity.CloudDriveTagShared] is being defaulted to: CloudDriveTagShared.
[EL Config]: metadata: 2016-01-29 10:58:01.425--ServerSession(995522444)--Thread(Thread[Test worker,5,main])--The column name for element [id] is being defaulted to: ID.
[EL Config]: metadata: 2016-01-29 10:58:01.425--ServerSession(995522444)--Thread(Thread[Test worker,5,main])--The alias name for the entity class [class com.athena.shared.entity.query.ArtUserMenu] is being defaulted to: ArtUserMenu.
[EL Warning]: metadata: 2016-01-29 10:58:01.426--ServerSession(995522444)--Thread(Thread[Test worker,5,main])--You have specified multiple ids for the entity class [com.athena.shared.entity.query.ArtUserMenu] without specifying an @IdClass. By doing this you may lose the ability to find by identity, distributed cache support etc. Note: You may however use entity manager find operations by passing a list of primary key fields. Else, you will have to use JPQL queries to read your entities. For other id options see @PrimaryKey.
[EL Config]: metadata: 2016-01-29 10:58:01.426--ServerSession(995522444)--Thread(Thread[Test worker,5,main])--The alias name for the entity class [class com.app.shared.authorization.AppMenus] is being defaulted to: AppMenus.
[EL Config]: metadata: 2016-01-29 10:58:01.427--ServerSession(995522444)--Thread(Thread[Test worker,5,main])--The alias name for the entity class [class com.app.shared.survey.QuestionLinkage] is being defaulted to: QuestionLinkage.
[EL Config]: metadata: 2016-01-29 10:58:01.427--ServerSession(995522444)--Thread(Thread[Test worker,5,main])--The alias name for the entity class [class com.app.shared.location.Taluka] is being defaulted to: Taluka.
[EL Config]: metadata: 2016-01-29 10:58:01.428--ServerSession(995522444)--Thread(Thread[Test worker,5,main])--The alias name for the entity class [class com.app.shared.survey.AssessmentAnswer] is being defaulted to: AssessmentAnswer.
[EL Config]: metadata: 2016-01-29 10:58:01.428--ServerSession(995522444)--Thread(Thread[Test worker,5,main])--The alias name for the entity class [class com.spartan.healthmeter.entity.HealthSchedulerConfiguration] is being defaulted to: HealthSchedulerConfiguration.
[EL Config]: metadata: 2016-01-29 10:58:01.429--ServerSession(995522444)--Thread(Thread[Test worker,5,main])--The alias name for the entity class [class com.app.shared.authentication.UserData] is being defaulted to: UserData.
[EL Config]: metadata: 2016-01-29 10:58:01.429--ServerSession(995522444)--Thread(Thread[Test worker,5,main])--The alias name for the entity class [class com.athena.scheduler.entity.ArtScheduleConfig] is being defaulted to: ArtScheduleConfig.
[EL Config]: metadata: 2016-01-29 10:58:01.43--ServerSession(995522444)--Thread(Thread[Test worker,5,main])--The alias name for the entity class [class com.athena.cloud.shared.entity.CloudDriveFileVersion] is being defaulted to: CloudDriveFileVersion.
[EL Config]: metadata: 2016-01-29 10:58:01.43--ServerSession(995522444)--Thread(Thread[Test worker,5,main])--The alias name for the entity class [class com.spartan.healthmeter.entity.ZenSchedulerHealth] is being defaulted to: ZenSchedulerHealth.
[EL Config]: metadata: 2016-01-29 10:58:01.432--ServerSession(995522444)--Thread(Thread[Test worker,5,main])--The alias name for the entity class [class com.app.shared.customers.AppCustomerCategory] is being defaulted to: AppCustomerCategory.
[EL Config]: metadata: 2016-01-29 10:58:01.432--ServerSession(995522444)--Thread(Thread[Test worker,5,main])--The alias name for the entity class [class com.athena.shared.entity.report.ArtChartType] is being defaulted to: ArtChartType.
[EL Config]: metadata: 2016-01-29 10:58:01.433--ServerSession(995522444)--Thread(Thread[Test worker,5,main])--The alias name for the entity class [class com.app.shared.contacts.CoreContacts] is being defaulted to: CoreContacts.
[EL Config]: metadata: 2016-01-29 10:58:01.433--ServerSession(995522444)--Thread(Thread[Test worker,5,main])--The alias name for the entity class [class com.athena.shared.entity.query.ArtDatabaseFunction] is being defaulted to: ArtDatabaseFunction.
[EL Config]: metadata: 2016-01-29 10:58:01.434--ServerSession(995522444)--Thread(Thread[Test worker,5,main])--The alias name for the entity class [class com.spartan.shield.server.entity.AppSessionConfig] is being defaulted to: AppSessionConfig.
[EL Config]: metadata: 2016-01-29 10:58:01.435--ServerSession(995522444)--Thread(Thread[Test worker,5,main])--The alias name for the entity class [class com.athena.shared.entity.report.ArtChartPropLanguage] is being defaulted to: ArtChartPropLanguage.
[EL Config]: metadata: 2016-01-29 10:58:01.435--ServerSession(995522444)--Thread(Thread[Test worker,5,main])--The alias name for the entity class [class com.app.shared.location.Region] is being defaulted to: Region.
[EL Config]: metadata: 2016-01-29 10:58:01.436--ServerSession(995522444)--Thread(Thread[Test worker,5,main])--The alias name for the entity class [class com.athena.shared.entity.report.ArtLangMaster] is being defaulted to: ArtLangMaster.
[EL Config]: metadata: 2016-01-29 10:58:01.437--ServerSession(995522444)--Thread(Thread[Test worker,5,main])--The alias name for the entity class [class com.app.shared.authentication.PasswordAlgo] is being defaulted to: PasswordAlgo.
[EL Config]: metadata: 2016-01-29 10:58:01.437--ServerSession(995522444)--Thread(Thread[Test worker,5,main])--The alias name for the entity class [class com.app.shared.authentication.UserAccessDomain] is being defaulted to: UserAccessDomain.
[EL Config]: metadata: 2016-01-29 10:58:01.438--ServerSession(995522444)--Thread(Thread[Test worker,5,main])--The alias name for the entity class [class com.app.shared.location.AddressType] is being defaulted to: AddressType.
[EL Config]: metadata: 2016-01-29 10:58:01.439--ServerSession(995522444)--Thread(Thread[Test worker,5,main])--The alias name for the entity class [class com.app.shared.contacts.CommunicationType] is being defaulted to: CommunicationType.
[EL Config]: metadata: 2016-01-29 10:58:01.439--ServerSession(995522444)--Thread(Thread[Test worker,5,main])--The alias name for the entity class [class com.athena.cloud.shared.entity.CloudDriveDefaultTags] is being defaulted to: CloudDriveDefaultTags.
[EL Config]: metadata: 2016-01-29 10:58:01.439--ServerSession(995522444)--Thread(Thread[Test worker,5,main])--The alias name for the entity class [class com.app.shared.location.Language] is being defaulted to: Language.
[EL Config]: metadata: 2016-01-29 10:58:01.44--ServerSession(995522444)--Thread(Thread[Test worker,5,main])--The alias name for the entity class [class com.app.shared.customers.AppCustomerType] is being defaulted to: AppCustomerType.
[EL Config]: metadata: 2016-01-29 10:58:01.441--ServerSession(995522444)--Thread(Thread[Test worker,5,main])--The alias name for the entity class [class com.spartan.healthmeter.entity.ZenRequestDetails] is being defaulted to: ZenRequestDetails.
[EL Config]: metadata: 2016-01-29 10:58:01.442--ServerSession(995522444)--Thread(Thread[Test worker,5,main])--The alias name for the entity class [class com.athena.shared.entity.report.ArtReportBuilderDetails] is being defaulted to: ArtReportBuilderDetails.
[EL Config]: metadata: 2016-01-29 10:58:01.443--ServerSession(995522444)--Thread(Thread[Test worker,5,main])--The alias name for the entity class [class com.app.shared.authentication.UserAccessLevel] is being defaulted to: UserAccessLevel.
[EL Config]: metadata: 2016-01-29 10:58:01.444--ServerSession(995522444)--Thread(Thread[Test worker,5,main])--The alias name for the entity class [class com.app.shared.location.Address] is being defaulted to: Address.
[EL Config]: metadata: 2016-01-29 10:58:01.444--ServerSession(995522444)--Thread(Thread[Test worker,5,main])--The alias name for the entity class [class com.app.shared.location.Timezone] is being defaulted to: Timezone.
[EL Config]: metadata: 2016-01-29 10:58:01.445--ServerSession(995522444)--Thread(Thread[Test worker,5,main])--The alias name for the entity class [class com.spartan.healthmeter.entity.ZenHealthCounter] is being defaulted to: ZenHealthCounter.
[EL Config]: metadata: 2016-01-29 10:58:01.445--ServerSession(995522444)--Thread(Thread[Test worker,5,main])--The alias name for the entity class [class com.athena.shared.entity.report.ArtReportUI] is being defaulted to: ArtReportUI.
[EL Config]: metadata: 2016-01-29 10:58:01.446--ServerSession(995522444)--Thread(Thread[Test worker,5,main])--The alias name for the entity class [class com.athena.shared.entity.report.ArtChartDataFieldJson] is being defaulted to: ArtChartDataFieldJson.
[EL Config]: metadata: 2016-01-29 10:58:01.447--ServerSession(995522444)--Thread(Thread[Test worker,5,main])--The alias name for the entity class [class com.app.shared.contacts.Title] is being defaulted to: Title.
[EL Config]: metadata: 2016-01-29 10:58:01.447--ServerSession(995522444)--Thread(Thread[Test worker,5,main])--The alias name for the entity class [class com.athena.shared.entity.report.ArtService] is being defaulted to: ArtService.
[EL Config]: metadata: 2016-01-29 10:58:01.448--ServerSession(995522444)--Thread(Thread[Test worker,5,main])--The alias name for the entity class [class com.spartan.sprinkler.entity.ArtLogSeverity] is being defaulted to: ArtLogSeverity.
[EL Config]: metadata: 2016-01-29 10:58:01.449--ServerSession(995522444)--Thread(Thread[Test worker,5,main])--The alias name for the entity class [class com.app.shared.authorization.Roles] is being defaulted to: Roles.
[EL Config]: metadata: 2016-01-29 10:58:01.449--ServerSession(995522444)--Thread(Thread[Test worker,5,main])--The alias name for the entity class [class com.athena.shared.entity.query.ArtMenu] is being defaulted to: ArtMenu.
[EL Config]: metadata: 2016-01-29 10:58:01.45--ServerSession(995522444)--Thread(Thread[Test worker,5,main])--The alias name for the entity class [class com.app.shared.survey.AssessmentTran] is being defaulted to: AssessmentTran.
[EL Config]: metadata: 2016-01-29 10:58:01.45--ServerSession(995522444)--Thread(Thread[Test worker,5,main])--The alias name for the entity class [class com.app.shared.survey.UserAssessment] is being defaulted to: UserAssessment.
[EL Config]: metadata: 2016-01-29 10:58:01.451--ServerSession(995522444)--Thread(Thread[Test worker,5,main])--The alias name for the entity class [class com.athena.cloud.shared.entity.CloudDriveTags] is being defaulted to: CloudDriveTags.
[EL Config]: metadata: 2016-01-29 10:58:01.451--ServerSession(995522444)--Thread(Thread[Test worker,5,main])--The alias name for the entity class [class com.spartan.healthmeter.entity.ArtHealthStatusConfiguration] is being defaulted to: ArtHealthStatusConfiguration.
[EL Config]: metadata: 2016-01-29 10:58:01.452--ServerSession(995522444)--Thread(Thread[Test worker,5,main])--The alias name for the entity class [class com.spartan.sprinkler.entity.ArtAppAlarm] is being defaulted to: ArtAppAlarm.
[EL Config]: metadata: 2016-01-29 10:58:01.453--ServerSession(995522444)--Thread(Thread[Test worker,5,main])--The alias name for the entity class [class com.athena.cloud.shared.entity.CloudDriveFiles] is being defaulted to: CloudDriveFiles.
[EL Config]: metadata: 2016-01-29 10:58:01.453--ServerSession(995522444)--Thread(Thread[Test worker,5,main])--The alias name for the entity class [class com.athena.shared.entity.query.ArtTableDetails] is being defaulted to: ArtTableDetails.
[EL Config]: metadata: 2016-01-29 10:58:01.454--ServerSession(995522444)--Thread(Thread[Test worker,5,main])--The alias name for the entity class [class com.app.shared.authorization.UserRoleBridge] is being defaulted to: UserRoleBridge.
[EL Config]: metadata: 2016-01-29 10:58:01.454--ServerSession(995522444)--Thread(Thread[Test worker,5,main])--The alias name for the entity class [class com.app.shared.contacts.ContactType] is being defaulted to: ContactType.
[EL Config]: metadata: 2016-01-29 10:58:01.455--ServerSession(995522444)--Thread(Thread[Test worker,5,main])--The alias name for the entity class [class com.athena.shared.entity.report.ArtChartJson] is being defaulted to: ArtChartJson.
[EL Config]: metadata: 2016-01-29 10:58:01.455--ServerSession(995522444)--Thread(Thread[Test worker,5,main])--The alias name for the entity class [class com.app.shared.contacts.CommunicationData] is being defaulted to: CommunicationData.
[EL Config]: metadata: 2016-01-29 10:58:01.456--ServerSession(995522444)--Thread(Thread[Test worker,5,main])--The alias name for the entity class [class com.spartan.healthmeter.entity.ZenHealthGauge] is being defaulted to: ZenHealthGauge.
[EL Config]: metadata: 2016-01-29 10:58:01.456--ServerSession(995522444)--Thread(Thread[Test worker,5,main])--The alias name for the entity class [class com.app.shared.authentication.Question] is being defaulted to: Question.
[EL Config]: metadata: 2016-01-29 10:58:01.457--ServerSession(995522444)--Thread(Thread[Test worker,5,main])--The alias name for the entity class [class com.app.shared.authentication.SessionData] is being defaulted to: SessionData.
[EL Config]: metadata: 2016-01-29 10:58:01.457--ServerSession(995522444)--Thread(Thread[Test worker,5,main])--The alias name for the entity class [class com.athena.shared.entity.query.ArtUserLastStatus] is being defaulted to: ArtUserLastStatus.
[EL Config]: metadata: 2016-01-29 10:58:01.458--ServerSession(995522444)--Thread(Thread[Test worker,5,main])--The alias name for the entity class [class com.athena.shared.entity.query.ArtMasterForm] is being defaulted to: ArtMasterForm.
[EL Config]: metadata: 2016-01-29 10:58:01.459--ServerSession(995522444)--Thread(Thread[Test worker,5,main])--The alias name for the entity class [class com.app.shared.survey.AssessmentQuestion] is being defaulted to: AssessmentQuestion.
[EL Config]: metadata: 2016-01-29 10:58:01.459--ServerSession(995522444)--Thread(Thread[Test worker,5,main])--The alias name for the entity class [class com.app.shared.survey.AssessmentStatus] is being defaulted to: AssessmentStatus.
[EL Config]: metadata: 2016-01-29 10:58:01.459--ServerSession(995522444)--Thread(Thread[Test worker,5,main])--The alias name for the entity class [class com.app.shared.survey.UserAssessmentTemp] is being defaulted to: UserAssessmentTemp.
[EL Config]: metadata: 2016-01-29 10:58:01.46--ServerSession(995522444)--Thread(Thread[Test worker,5,main])--The alias name for the entity class [class com.app.shared.contacts.Gender] is being defaulted to: Gender.
[EL Config]: metadata: 2016-01-29 10:58:01.46--ServerSession(995522444)--Thread(Thread[Test worker,5,main])--The alias name for the entity class [class com.app.shared.authentication.LoginSession] is being defaulted to: LoginSession.
[EL Config]: metadata: 2016-01-29 10:58:01.461--ServerSession(995522444)--Thread(Thread[Test worker,5,main])--The alias name for the entity class [class com.athena.shared.entity.query.ArtDatabaseOperators] is being defaulted to: ArtDatabaseOperators.
[EL Config]: metadata: 2016-01-29 10:58:01.461--ServerSession(995522444)--Thread(Thread[Test worker,5,main])--The alias name for the entity class [class com.spartan.sprinkler.entity.ArtLogConnector] is being defaulted to: ArtLogConnector.
[EL Config]: metadata: 2016-01-29 10:58:01.462--ServerSession(995522444)--Thread(Thread[Test worker,5,main])--The alias name for the entity class [class com.athena.cloud.shared.entity.CloudDriveFileShared] is being defaulted to: CloudDriveFileShared.
[EL Config]: metadata: 2016-01-29 10:58:01.462--ServerSession(995522444)--Thread(Thread[Test worker,5,main])--The column name for element [id] is being defaulted to: ID.
[EL Config]: metadata: 2016-01-29 10:58:01.463--ServerSession(995522444)--Thread(Thread[Test worker,5,main])--The alias name for the entity class [class com.app.shared.location.City] is being defaulted to: City.
[EL Config]: metadata: 2016-01-29 10:58:01.463--ServerSession(995522444)--Thread(Thread[Test worker,5,main])--The alias name for the entity class [class com.spartan.healthmeter.entity.ZenHealthStatus] is being defaulted to: ZenHealthStatus.
[EL Config]: metadata: 2016-01-29 10:58:01.464--ServerSession(995522444)--Thread(Thread[Test worker,5,main])--The alias name for the entity class [class com.app.shared.authorization.RoleMenuBridge] is being defaulted to: RoleMenuBridge.
[EL Config]: metadata: 2016-01-29 10:58:01.464--ServerSession(995522444)--Thread(Thread[Test worker,5,main])--The alias name for the entity class [class com.app.shared.authentication.PassRecovery] is being defaulted to: PassRecovery.
[EL Config]: metadata: 2016-01-29 10:58:01.465--ServerSession(995522444)--Thread(Thread[Test worker,5,main])--The alias name for the entity class [class com.app.shared.location.AddressExtended] is being defaulted to: AddressExtended.
[EL Config]: metadata: 2016-01-29 10:58:01.465--ServerSession(995522444)--Thread(Thread[Test worker,5,main])--The alias name for the entity class [class com.app.shared.location.State] is being defaulted to: State.
[EL Config]: metadata: 2016-01-29 10:58:01.466--ServerSession(995522444)--Thread(Thread[Test worker,5,main])--The alias name for the entity class [class com.athena.shared.entity.query.ArtTableFieldDetails] is being defaulted to: ArtTableFieldDetails.
[EL Config]: metadata: 2016-01-29 10:58:01.467--ServerSession(995522444)--Thread(Thread[Test worker,5,main])--The alias name for the entity class [class com.spartan.healthmeter.entity.ArtHealthSchedulerConfiguration] is being defaulted to: ArtHealthSchedulerConfiguration.
[EL Config]: metadata: 2016-01-29 10:58:01.468--ServerSession(995522444)--Thread(Thread[Test worker,5,main])--The alias name for the entity class [class com.athena.scheduler.entity.ArtJobDetails] is being defaulted to: ArtJobDetails.
[EL Config]: metadata: 2016-01-29 10:58:01.468--ServerSession(995522444)--Thread(Thread[Test worker,5,main])--The column name for element [statusTime] is being defaulted to: STATUSTIME.
[EL Config]: metadata: 2016-01-29 10:58:01.468--ServerSession(995522444)--Thread(Thread[Test worker,5,main])--The alias name for the entity class [class com.athena.ruleengine.shared.ArtRules] is being defaulted to: ArtRules.
[EL Config]: metadata: 2016-01-29 10:58:01.469--ServerSession(995522444)--Thread(Thread[Test worker,5,main])--The alias name for the entity class [class com.athena.cloud.shared.entity.CloudDriveTagFiles] is being defaulted to: CloudDriveTagFiles.
[EL Config]: metadata: 2016-01-29 10:58:01.469--ServerSession(995522444)--Thread(Thread[Test worker,5,main])--The column name for element [id] is being defaulted to: ID.
[EL Config]: metadata: 2016-01-29 10:58:01.469--ServerSession(995522444)--Thread(Thread[Test worker,5,main])--The alias name for the entity class [class com.spartan.healthmeter.entity.ZenHealth] is being defaulted to: ZenHealth.
[EL Config]: metadata: 2016-01-29 10:58:01.47--ServerSession(995522444)--Thread(Thread[Test worker,5,main])--The alias name for the entity class [class com.app.shared.customers.AppCustomer] is being defaulted to: AppCustomer.
[EL Config]: metadata: 2016-01-29 10:58:01.471--ServerSession(995522444)--Thread(Thread[Test worker,5,main])--The alias name for the entity class [class com.app.shared.authentication.User] is being defaulted to: User.
[EL Config]: metadata: 2016-01-29 10:58:01.472--ServerSession(995522444)--Thread(Thread[Test worker,5,main])--The alias name for the entity class [class com.app.shared.authentication.PasswordPolicy] is being defaulted to: PasswordPolicy.
[EL Config]: metadata: 2016-01-29 10:58:01.472--ServerSession(995522444)--Thread(Thread[Test worker,5,main])--The alias name for the entity class [class com.app.shared.survey.QuestionInference] is being defaulted to: QuestionInference.
[EL Config]: metadata: 2016-01-29 10:58:01.473--ServerSession(995522444)--Thread(Thread[Test worker,5,main])--The alias name for the entity class [class com.athena.server.bean.EntityBean] is being defaulted to: EntityBean.
[EL Config]: metadata: 2016-01-29 10:58:01.473--ServerSession(995522444)--Thread(Thread[Test worker,5,main])--The table name for entity [class com.athena.server.bean.EntityBean] is being defaulted to: ENTITYBEAN.
[EL Config]: metadata: 2016-01-29 10:58:01.473--ServerSession(995522444)--Thread(Thread[Test worker,5,main])--The column name for element [id] is being defaulted to: ID.
[EL Config]: metadata: 2016-01-29 10:58:01.473--ServerSession(995522444)--Thread(Thread[Test worker,5,main])--The column name for element [name] is being defaulted to: NAME.
[EL Config]: metadata: 2016-01-29 10:58:01.474--ServerSession(995522444)--Thread(Thread[Test worker,5,main])--The column name for element [fields] is being defaulted to: FIELDS.
[EL Config]: metadata: 2016-01-29 10:58:01.475--ServerSession(995522444)--Thread(Thread[Test worker,5,main])--The alias name for the entity class [class com.app.shared.survey.Assessments] is being defaulted to: Assessments.
[EL Config]: metadata: 2016-01-29 10:58:01.476--ServerSession(995522444)--Thread(Thread[Test worker,5,main])--The alias name for the entity class [class com.spartan.sprinkler.entity.ArtLogConnectorAttributes] is being defaulted to: ArtLogConnectorAttributes.
[EL Config]: metadata: 2016-01-29 10:58:01.477--ServerSession(995522444)--Thread(Thread[Test worker,5,main])--The alias name for the entity class [class com.athena.shared.entity.query.ArtDatabaseAggregate] is being defaulted to: ArtDatabaseAggregate.
[EL Config]: metadata: 2016-01-29 10:58:01.488--ServerSession(995522444)--Thread(Thread[Test worker,5,main])--The primary key column name for the mapping element [field artservice] is being defaulted to: service_id.
[EL Config]: metadata: 2016-01-29 10:58:01.489--ServerSession(995522444)--Thread(Thread[Test worker,5,main])--The primary key column name for the mapping element [field file] is being defaulted to: file_id.
[EL Config]: metadata: 2016-01-29 10:58:01.503--ServerSession(995522444)--Thread(Thread[Test worker,5,main])--The primary key column name for the mapping element [field contentType] is being defaulted to: file_mime_type.
[EL Config]: metadata: 2016-01-29 10:58:01.504--ServerSession(995522444)--Thread(Thread[Test worker,5,main])--The primary key column name for the mapping element [field file] is being defaulted to: file_id.
[EL Config]: metadata: 2016-01-29 10:58:01.504--ServerSession(995522444)--Thread(Thread[Test worker,5,main])--The primary key column name for the mapping element [field file] is being defaulted to: file_id.
[EL Info]: 2016-01-29 10:58:02.338--ServerSession(995522444)--Thread(Thread[Test worker,5,main])--EclipseLink, version: Eclipse Persistence Services - 2.5.1.v20130918-f2b9fc5
[EL Fine]: connection: 2016-01-29 10:58:02.65--Thread(Thread[Test worker,5,main])--Detected database platform: org.eclipse.persistence.platform.database.MySQLPlatform
[EL Config]: connection: 2016-01-29 10:58:02.66--ServerSession(995522444)--Connection(1706459139)--Thread(Thread[Test worker,5,main])--connecting(DatabaseLogin(
	platform=>MySQLPlatform
	user name=> "assessment"
	datasource URL=> "jdbc:mysql://localhost-MYSQL:3306/assessmentdb"
))
[EL Config]: connection: 2016-01-29 10:58:02.666--ServerSession(995522444)--Connection(519216183)--Thread(Thread[Test worker,5,main])--Connected: jdbc:mysql://localhost-MYSQL:3306/assessmentdb
	User: assessment@172.17.0.3
	Database: MySQL  Version: 5.7.7-rc
	Driver: MySQL Connector Java  Version: mysql-connector-java-5.1.31 ( Revision: alexander.soklakov@oracle.com-20140520065950-groqzzbvxprqdmnz )
[EL Config]: connection: 2016-01-29 10:58:02.666--ServerSession(995522444)--Connection(1240329920)--Thread(Thread[Test worker,5,main])--connecting(DatabaseLogin(
	platform=>MySQLPlatform
	user name=> "assessment"
	datasource URL=> "jdbc:mysql://localhost-MYSQL:3306/assessmentdb"
))
[EL Config]: connection: 2016-01-29 10:58:02.671--ServerSession(995522444)--Connection(2057411432)--Thread(Thread[Test worker,5,main])--Connected: jdbc:mysql://localhost-MYSQL:3306/assessmentdb
	User: assessment@172.17.0.3
	Database: MySQL  Version: 5.7.7-rc
	Driver: MySQL Connector Java  Version: mysql-connector-java-5.1.31 ( Revision: alexander.soklakov@oracle.com-20140520065950-groqzzbvxprqdmnz )
[EL Config]: connection: 2016-01-29 10:58:02.672--ServerSession(995522444)--Connection(132253630)--Thread(Thread[Test worker,5,main])--connecting(DatabaseLogin(
	platform=>MySQLPlatform
	user name=> "assessment"
	datasource URL=> "jdbc:mysql://localhost-MYSQL:3306/assessmentdb"
))
[EL Config]: connection: 2016-01-29 10:58:02.678--ServerSession(995522444)--Connection(199353453)--Thread(Thread[Test worker,5,main])--Connected: jdbc:mysql://localhost-MYSQL:3306/assessmentdb
	User: assessment@172.17.0.3
	Database: MySQL  Version: 5.7.7-rc
	Driver: MySQL Connector Java  Version: mysql-connector-java-5.1.31 ( Revision: alexander.soklakov@oracle.com-20140520065950-groqzzbvxprqdmnz )
[EL Config]: connection: 2016-01-29 10:58:02.678--ServerSession(995522444)--Connection(458995251)--Thread(Thread[Test worker,5,main])--connecting(DatabaseLogin(
	platform=>MySQLPlatform
	user name=> "assessment"
	datasource URL=> "jdbc:mysql://localhost-MYSQL:3306/assessmentdb"
))
[EL Config]: connection: 2016-01-29 10:58:02.684--ServerSession(995522444)--Connection(918192559)--Thread(Thread[Test worker,5,main])--Connected: jdbc:mysql://localhost-MYSQL:3306/assessmentdb
	User: assessment@172.17.0.3
	Database: MySQL  Version: 5.7.7-rc
	Driver: MySQL Connector Java  Version: mysql-connector-java-5.1.31 ( Revision: alexander.soklakov@oracle.com-20140520065950-groqzzbvxprqdmnz )
[EL Config]: connection: 2016-01-29 10:58:02.685--ServerSession(995522444)--Connection(244851771)--Thread(Thread[Test worker,5,main])--connecting(DatabaseLogin(
	platform=>MySQLPlatform
	user name=> "assessment"
	datasource URL=> "jdbc:mysql://localhost-MYSQL:3306/assessmentdb"
))
[EL Config]: connection: 2016-01-29 10:58:02.694--ServerSession(995522444)--Connection(1280184245)--Thread(Thread[Test worker,5,main])--Connected: jdbc:mysql://localhost-MYSQL:3306/assessmentdb
	User: assessment@172.17.0.3
	Database: MySQL  Version: 5.7.7-rc
	Driver: MySQL Connector Java  Version: mysql-connector-java-5.1.31 ( Revision: alexander.soklakov@oracle.com-20140520065950-groqzzbvxprqdmnz )
[EL Config]: connection: 2016-01-29 10:58:02.694--ServerSession(995522444)--Connection(417946422)--Thread(Thread[Test worker,5,main])--connecting(DatabaseLogin(
	platform=>MySQLPlatform
	user name=> "assessment"
	datasource URL=> "jdbc:mysql://localhost-MYSQL:3306/assessmentdb"
))
[EL Config]: connection: 2016-01-29 10:58:02.7--ServerSession(995522444)--Connection(45543105)--Thread(Thread[Test worker,5,main])--Connected: jdbc:mysql://localhost-MYSQL:3306/assessmentdb
	User: assessment@172.17.0.3
	Database: MySQL  Version: 5.7.7-rc
	Driver: MySQL Connector Java  Version: mysql-connector-java-5.1.31 ( Revision: alexander.soklakov@oracle.com-20140520065950-groqzzbvxprqdmnz )
[EL Config]: connection: 2016-01-29 10:58:02.7--ServerSession(995522444)--Connection(938787403)--Thread(Thread[Test worker,5,main])--connecting(DatabaseLogin(
	platform=>MySQLPlatform
	user name=> "assessment"
	datasource URL=> "jdbc:mysql://localhost-MYSQL:3306/assessmentdb"
))
[EL Config]: connection: 2016-01-29 10:58:02.705--ServerSession(995522444)--Connection(174223461)--Thread(Thread[Test worker,5,main])--Connected: jdbc:mysql://localhost-MYSQL:3306/assessmentdb
	User: assessment@172.17.0.3
	Database: MySQL  Version: 5.7.7-rc
	Driver: MySQL Connector Java  Version: mysql-connector-java-5.1.31 ( Revision: alexander.soklakov@oracle.com-20140520065950-groqzzbvxprqdmnz )
[EL Config]: connection: 2016-01-29 10:58:02.705--ServerSession(995522444)--Connection(1153498166)--Thread(Thread[Test worker,5,main])--connecting(DatabaseLogin(
	platform=>MySQLPlatform
	user name=> "assessment"
	datasource URL=> "jdbc:mysql://localhost-MYSQL:3306/assessmentdb"
))
[EL Config]: connection: 2016-01-29 10:58:02.71--ServerSession(995522444)--Connection(557967323)--Thread(Thread[Test worker,5,main])--Connected: jdbc:mysql://localhost-MYSQL:3306/assessmentdb
	User: assessment@172.17.0.3
	Database: MySQL  Version: 5.7.7-rc
	Driver: MySQL Connector Java  Version: mysql-connector-java-5.1.31 ( Revision: alexander.soklakov@oracle.com-20140520065950-groqzzbvxprqdmnz )
[EL Config]: connection: 2016-01-29 10:58:02.71--ServerSession(995522444)--Connection(1843194859)--Thread(Thread[Test worker,5,main])--connecting(DatabaseLogin(
	platform=>MySQLPlatform
	user name=> "assessment"
	datasource URL=> "jdbc:mysql://localhost-MYSQL:3306/assessmentdb"
))
[EL Config]: connection: 2016-01-29 10:58:02.715--ServerSession(995522444)--Connection(89641919)--Thread(Thread[Test worker,5,main])--Connected: jdbc:mysql://localhost-MYSQL:3306/assessmentdb
	User: assessment@172.17.0.3
	Database: MySQL  Version: 5.7.7-rc
	Driver: MySQL Connector Java  Version: mysql-connector-java-5.1.31 ( Revision: alexander.soklakov@oracle.com-20140520065950-groqzzbvxprqdmnz )
[EL Config]: connection: 2016-01-29 10:58:02.715--ServerSession(995522444)--Connection(1225696086)--Thread(Thread[Test worker,5,main])--connecting(DatabaseLogin(
	platform=>MySQLPlatform
	user name=> "assessment"
	datasource URL=> "jdbc:mysql://localhost-MYSQL:3306/assessmentdb"
))
[EL Config]: connection: 2016-01-29 10:58:02.721--ServerSession(995522444)--Connection(1385403081)--Thread(Thread[Test worker,5,main])--Connected: jdbc:mysql://localhost-MYSQL:3306/assessmentdb
	User: assessment@172.17.0.3
	Database: MySQL  Version: 5.7.7-rc
	Driver: MySQL Connector Java  Version: mysql-connector-java-5.1.31 ( Revision: alexander.soklakov@oracle.com-20140520065950-groqzzbvxprqdmnz )
[EL Config]: connection: 2016-01-29 10:58:02.721--ServerSession(995522444)--Connection(1451881593)--Thread(Thread[Test worker,5,main])--connecting(DatabaseLogin(
	platform=>MySQLPlatform
	user name=> "assessment"
	datasource URL=> "jdbc:mysql://localhost-MYSQL:3306/assessmentdb"
))
[EL Config]: connection: 2016-01-29 10:58:02.726--ServerSession(995522444)--Connection(756321075)--Thread(Thread[Test worker,5,main])--Connected: jdbc:mysql://localhost-MYSQL:3306/assessmentdb
	User: assessment@172.17.0.3
	Database: MySQL  Version: 5.7.7-rc
	Driver: MySQL Connector Java  Version: mysql-connector-java-5.1.31 ( Revision: alexander.soklakov@oracle.com-20140520065950-groqzzbvxprqdmnz )
[EL Config]: connection: 2016-01-29 10:58:02.727--ServerSession(995522444)--Connection(532600932)--Thread(Thread[Test worker,5,main])--connecting(DatabaseLogin(
	platform=>MySQLPlatform
	user name=> "assessment"
	datasource URL=> "jdbc:mysql://localhost-MYSQL:3306/assessmentdb"
))
[EL Config]: connection: 2016-01-29 10:58:02.732--ServerSession(995522444)--Connection(396826191)--Thread(Thread[Test worker,5,main])--Connected: jdbc:mysql://localhost-MYSQL:3306/assessmentdb
	User: assessment@172.17.0.3
	Database: MySQL  Version: 5.7.7-rc
	Driver: MySQL Connector Java  Version: mysql-connector-java-5.1.31 ( Revision: alexander.soklakov@oracle.com-20140520065950-groqzzbvxprqdmnz )
[EL Config]: connection: 2016-01-29 10:58:02.732--ServerSession(995522444)--Connection(1521068202)--Thread(Thread[Test worker,5,main])--connecting(DatabaseLogin(
	platform=>MySQLPlatform
	user name=> "assessment"
	datasource URL=> "jdbc:mysql://localhost-MYSQL:3306/assessmentdb"
))
[EL Config]: connection: 2016-01-29 10:58:02.737--ServerSession(995522444)--Connection(1922073819)--Thread(Thread[Test worker,5,main])--Connected: jdbc:mysql://localhost-MYSQL:3306/assessmentdb
	User: assessment@172.17.0.3
	Database: MySQL  Version: 5.7.7-rc
	Driver: MySQL Connector Java  Version: mysql-connector-java-5.1.31 ( Revision: alexander.soklakov@oracle.com-20140520065950-groqzzbvxprqdmnz )
[EL Config]: connection: 2016-01-29 10:58:02.738--ServerSession(995522444)--Connection(1845657759)--Thread(Thread[Test worker,5,main])--connecting(DatabaseLogin(
	platform=>MySQLPlatform
	user name=> "assessment"
	datasource URL=> "jdbc:mysql://localhost-MYSQL:3306/assessmentdb"
))
[EL Config]: connection: 2016-01-29 10:58:02.743--ServerSession(995522444)--Connection(1010960575)--Thread(Thread[Test worker,5,main])--Connected: jdbc:mysql://localhost-MYSQL:3306/assessmentdb
	User: assessment@172.17.0.3
	Database: MySQL  Version: 5.7.7-rc
	Driver: MySQL Connector Java  Version: mysql-connector-java-5.1.31 ( Revision: alexander.soklakov@oracle.com-20140520065950-groqzzbvxprqdmnz )
[EL Config]: connection: 2016-01-29 10:58:02.743--ServerSession(995522444)--Connection(323768961)--Thread(Thread[Test worker,5,main])--connecting(DatabaseLogin(
	platform=>MySQLPlatform
	user name=> "assessment"
	datasource URL=> "jdbc:mysql://localhost-MYSQL:3306/assessmentdb"
))
[EL Config]: connection: 2016-01-29 10:58:02.749--ServerSession(995522444)--Connection(1135491126)--Thread(Thread[Test worker,5,main])--Connected: jdbc:mysql://localhost-MYSQL:3306/assessmentdb
	User: assessment@172.17.0.3
	Database: MySQL  Version: 5.7.7-rc
	Driver: MySQL Connector Java  Version: mysql-connector-java-5.1.31 ( Revision: alexander.soklakov@oracle.com-20140520065950-groqzzbvxprqdmnz )
[EL Config]: connection: 2016-01-29 10:58:02.749--ServerSession(995522444)--Connection(1135491126)--Thread(Thread[Test worker,5,main])--disconnect
[EL Warning]: metadata: 2016-01-29 10:58:02.758--ServerSession(995522444)--Thread(Thread[Test worker,5,main])--Reverting the lazy setting on the OneToOne or ManyToOne attribute [user] for the entity class [class com.app.shared.authentication.UserData] since weaving was not enabled or did not occur.
[EL Warning]: metadata: 2016-01-29 10:58:02.76--ServerSession(995522444)--Thread(Thread[Test worker,5,main])--Reverting the lazy setting on the OneToOne or ManyToOne attribute [artJobDetails] for the entity class [class com.athena.scheduler.entity.ArtScheduleConfig] since weaving was not enabled or did not occur.
[EL Warning]: metadata: 2016-01-29 10:58:02.761--ServerSession(995522444)--Thread(Thread[Test worker,5,main])--Reverting the lazy setting on the OneToOne or ManyToOne attribute [artScheduleConfig] for the entity class [class com.athena.scheduler.entity.ArtJobDetails] since weaving was not enabled or did not occur.
[EL Warning]: metadata: 2016-01-29 10:58:02.762--ServerSession(995522444)--Thread(Thread[Test worker,5,main])--Reverting the lazy setting on the OneToOne or ManyToOne attribute [coreContacts] for the entity class [class com.app.shared.authentication.Login] since weaving was not enabled or did not occur.
[EL Warning]: metadata: 2016-01-29 10:58:02.762--ServerSession(995522444)--Thread(Thread[Test worker,5,main])--Reverting the lazy setting on the OneToOne or ManyToOne attribute [user] for the entity class [class com.app.shared.authentication.Login] since weaving was not enabled or did not occur.
[EL Warning]: metadata: 2016-01-29 10:58:02.763--ServerSession(995522444)--Thread(Thread[Test worker,5,main])--Reverting the lazy setting on the OneToOne or ManyToOne attribute [user] for the entity class [class com.app.shared.authentication.PassRecovery] since weaving was not enabled or did not occur.
[EL Warning]: metadata: 2016-01-29 10:58:02.765--ServerSession(995522444)--Thread(Thread[Test worker,5,main])--Reverting the lazy setting on the OneToOne or ManyToOne attribute [timezone] for the entity class [class com.app.shared.contacts.CoreContacts] since weaving was not enabled or did not occur.
[EL Warning]: metadata: 2016-01-29 10:58:02.768--ServerSession(995522444)--Thread(Thread[Test worker,5,main])--Reverting the lazy setting on the OneToOne or ManyToOne attribute [userData] for the entity class [class com.app.shared.authentication.User] since weaving was not enabled or did not occur.
[EL Info]: connection: 2016-01-29 10:58:02.995--ServerSession(995522444)--Thread(Thread[Test worker,5,main])--file:/home/applifire/workspace/assessmentapp/build/resources/main_assessmentapp login successful
[EL Fine]: sql: 2016-01-29 10:58:07.194--ClientSession(1442565591)--Connection(1010960575)--Thread(Thread[Test worker,5,main])--SELECT query_id, active_status, app_creator_id, created_by, created_date, hidden_name, jpql_query, name, project_id, project_version_id, query_json, query_type, sql_query, updated_by, updated_date, user_access, version_id FROM art_query WHERE ((active_status = ?) AND (sql_query IS NULL))
	bind => [true]
[EL Config]: connection: 2016-01-29 10:58:07.199--ServerSession(995522444)--Connection(1010960575)--Thread(Thread[Test worker,5,main])--disconnect
Setting logged in user info for ADD
[EL Fine]: sql: 2016-01-29 10:58:12.79--ClientSession(856450264)--Connection(1922073819)--Thread(Thread[Test worker,5,main])--INSERT INTO ast_PasswordPolicy_M (policyId, allowedSpecialLetters, maxPwdLength, minCapitalLetters, minNumericValues, minPwdLength, minSmallLetters, minSpecialLetters, policyDescription, policyName, versionId, createdBy, createdDate, updatedBy, updatedDate, activeStatus, txnAccessCode) VALUES (?, ?, ?, ?, ?, ?, ?, ?, ?, ?, ?, ?, ?, ?, ?, ?, ?)
	bind => [79246D6A-55A2-4288-9863-EDC44BEDC1B8, NIl3h3oqBOFgjVt1wdHINab60OzOKnrgqX7Vz7GESVJnVK7xdF, 32, 3, 6, 5, 7, 5, dMsUrb7QN9nmX1EoLrREDwbUcb5XrAsJf4PYU9gkXwjDIyGijq, g6mcYksvOisDrbO6IAegRu4VaRYLby7m5k2iRO8SUBkRsrhr2f, 1, AAAAA, 2016-01-29 10:58:12.694, null, 2016-01-29 10:58:12.694, 1, 51000]
[EL Config]: connection: 2016-01-29 10:58:12.9--ServerSession(995522444)--Connection(1922073819)--Thread(Thread[Test worker,5,main])--disconnect
[EL Fine]: sql: 2016-01-29 10:58:12.909--ClientSession(1066644440)--Connection(396826191)--Thread(Thread[Test worker,5,main])--SELECT policyId, allowedSpecialLetters, maxPwdLength, minCapitalLetters, minNumericValues, minPwdLength, minSmallLetters, minSpecialLetters, policyDescription, policyName, versionId, createdBy, createdDate, updatedBy, updatedDate, activeStatus, txnAccessCode FROM ast_PasswordPolicy_M WHERE ((activeStatus = ?) AND (policyId = ?))
	bind => [1, 79246D6A-55A2-4288-9863-EDC44BEDC1B8]
[EL Config]: connection: 2016-01-29 10:58:12.913--ServerSession(995522444)--Connection(396826191)--Thread(Thread[Test worker,5,main])--disconnect
Setting logged in user info for UPDATE
[EL Fine]: sql: 2016-01-29 10:58:12.917--ClientSession(1674703952)--Connection(756321075)--Thread(Thread[Test worker,5,main])--SELECT policyId, allowedSpecialLetters, maxPwdLength, minCapitalLetters, minNumericValues, minPwdLength, minSmallLetters, minSpecialLetters, policyDescription, policyName, versionId, createdBy, createdDate, updatedBy, updatedDate, activeStatus, txnAccessCode FROM ast_PasswordPolicy_M WHERE (policyId = ?)
	bind => [79246D6A-55A2-4288-9863-EDC44BEDC1B8]
[EL Fine]: sql: 2016-01-29 10:58:12.921--ClientSession(1674703952)--Connection(756321075)--Thread(Thread[Test worker,5,main])--UPDATE ast_PasswordPolicy_M SET allowedSpecialLetters = ?, maxPwdLength = ?, minCapitalLetters = ?, minNumericValues = ?, minPwdLength = ?, minSmallLetters = ?, minSpecialLetters = ?, policyDescription = ?, policyName = ?, updatedBy = ?, versionId = ? WHERE ((policyId = ?) AND (versionId = ?))
	bind => [u3OrnyPZd0DExtsMWMg7dU2zJ8dsyY9TAt3q8Xbhi2qqTxL6rz, 26, 10, 4, 0, 5, 10, T9ElqS2KutABwQAw88Z9bYum0rg4Ww6fkvn8NEGhtiv0DWNwwu, Fu4cRG1N1XBQdYWOCnD9DGwrb0ZZXtWCLexJ1kFggV7WoTMREA, AAAAA, 2, 79246D6A-55A2-4288-9863-EDC44BEDC1B8, 1]
[EL Config]: connection: 2016-01-29 10:58:12.989--ServerSession(995522444)--Connection(756321075)--Thread(Thread[Test worker,5,main])--disconnect
[EL Fine]: sql: 2016-01-29 10:58:12.994--ClientSession(1240975545)--Connection(1385403081)--Thread(Thread[Test worker,5,main])--SELECT policyId, allowedSpecialLetters, maxPwdLength, minCapitalLetters, minNumericValues, minPwdLength, minSmallLetters, minSpecialLetters, policyDescription, policyName, versionId, createdBy, createdDate, updatedBy, updatedDate, activeStatus, txnAccessCode FROM ast_PasswordPolicy_M WHERE ((activeStatus = ?) AND (policyId = ?))
	bind => [1, 79246D6A-55A2-4288-9863-EDC44BEDC1B8]
[EL Config]: connection: 2016-01-29 10:58:12.997--ServerSession(995522444)--Connection(1385403081)--Thread(Thread[Test worker,5,main])--disconnect
[EL Fine]: sql: 2016-01-29 10:58:13.002--ClientSession(337338238)--Connection(89641919)--Thread(Thread[Test worker,5,main])--SELECT policyId, allowedSpecialLetters, maxPwdLength, minCapitalLetters, minNumericValues, minPwdLength, minSmallLetters, minSpecialLetters, policyDescription, policyName, versionId, createdBy, createdDate, updatedBy, updatedDate, activeStatus, txnAccessCode FROM ast_PasswordPolicy_M WHERE (policyId = ?)
	bind => [79246D6A-55A2-4288-9863-EDC44BEDC1B8]
[EL Fine]: sql: 2016-01-29 10:58:13.004--ClientSession(337338238)--Connection(89641919)--Thread(Thread[Test worker,5,main])--DELETE FROM ast_PasswordPolicy_M WHERE ((policyId = ?) AND (versionId = ?))
	bind => [79246D6A-55A2-4288-9863-EDC44BEDC1B8, 2]
[EL Config]: connection: 2016-01-29 10:58:13.045--ServerSession(995522444)--Connection(89641919)--Thread(Thread[Test worker,5,main])--disconnect
]]></system-out>
  <system-err><![CDATA[log4j:WARN No appenders could be found for logger (org.springframework.test.context.junit4.SpringJUnit4ClassRunner).
log4j:WARN Please initialize the log4j system properly.
log4j:WARN See http://logging.apache.org/log4j/1.2/faq.html#noconfig for more info.
]]></system-err>
</testsuite>
