<?xml version="1.0" encoding="UTF-8"?>
<testsuite name="com.app.server.service.StateTestCase" tests="5" skipped="0" failures="0" errors="0" timestamp="2016-01-29T10:58:45" hostname="270213fe0f11" time="0.363">
  <properties/>
  <testcase name="test1Save" classname="com.app.server.service.StateTestCase" time="0.175"/>
  <testcase name="test2Update" classname="com.app.server.service.StateTestCase" time="0.067"/>
  <testcase name="test3FindById" classname="com.app.server.service.StateTestCase" time="0.013"/>
  <testcase name="test3findBycountryId" classname="com.app.server.service.StateTestCase" time="0.01"/>
  <testcase name="test4Delete" classname="com.app.server.service.StateTestCase" time="0.097"/>
  <system-out><![CDATA[[EL Fine]: sql: 2016-01-29 10:58:45.716--ClientSession(1731065127)--Connection(45543105)--Thread(Thread[Test worker,5,main])--INSERT INTO ast_Country_M (countryId, capital, capitalLatitude, capitalLongitude, countryCode1, countryCode2, countryFlag, countryName, currencyCode, currencyName, currencySymbol, isoNumeric, versionId, createdBy, createdDate, updatedBy, updatedDate, activeStatus, txnAccessCode) VALUES (?, ?, ?, ?, ?, ?, ?, ?, ?, ?, ?, ?, ?, ?, ?, ?, ?, ?, ?)
	bind => [02C418A1-5673-4AC5-932B-977B7373FD9D, 2y8YQbPW3Stxg8Ky2wbTbO3HsBtKfXuI, 0, 8, ggv, XZy, tKcureNSsAsv3xvPi0LvHcxdSr4MNgbGhR0OeQL14N9c5UFOEQ, ip8sfNb3ldygQaGs5VBZAY5ZSCT7j8yezvdEfb1NY389WGilIW, cSS, Lu24WXmHoTKHA0WughXjZxnwyA5coxLiRgVkh381odQD5lLXkW, pjaBFA4NZatAI4cV5qiRTs8n35bHT5TZ, 1, 1, AAAAA, 2016-01-29 10:58:45.714, null, 2016-01-29 10:58:45.714, 1, 51000]
Setting logged in user info for ADD
[EL Fine]: sql: 2016-01-29 10:58:45.783--ClientSession(1957329243)--Connection(45543105)--Thread(Thread[Test worker,5,main])--INSERT INTO ast_State_M (stateId, countryId, stateCapital, stateCapitalLatitude, stateCapitalLongitude, stateCode, stateCodeChar2, stateCodeChar3, stateDescription, stateFlag, stateName, versionId, createdBy, createdDate, updatedBy, updatedDate, activeStatus, txnAccessCode) VALUES (?, ?, ?, ?, ?, ?, ?, ?, ?, ?, ?, ?, ?, ?, ?, ?, ?, ?)
	bind => [27FECE7D-F5EA-46CD-B15A-FBD1492B263D, 02C418A1-5673-4AC5-932B-977B7373FD9D, 9cvzloOwpVj3nyDSBJ0EH5M4PkrfEmhvLJXvOsQKyZrdObIAGW, 11, 8, 2, JcDqUNfcSzqKdQ93HR7zkd7FHCjLjyiT, KNYrrxs2j8KHAlYi09cG3QeYcsH9w5Hv, j18uSbC7JUt7IVu2zFhyKsVc0viZHhlP14rfBAahtdx5HrutvV, W7hShBqbaBi5RTajI5DsAjsplIMglJlqUa9PHAseHE7KE2bgRJ, V29AvHnzOhhuGYz0JETTZLIhBVLLP968fJ3ljTJ8LwRigLgn1f, 1, AAAAA, 2016-01-29 10:58:45.765, null, 2016-01-29 10:58:45.765, 1, 51000]
[EL Fine]: sql: 2016-01-29 10:58:45.887--ClientSession(2124158199)--Connection(45543105)--Thread(Thread[Test worker,5,main])--SELECT stateId, countryId, stateCapital, stateCapitalLatitude, stateCapitalLongitude, stateCode, stateCodeChar2, stateCodeChar3, stateDescription, stateFlag, stateName, versionId, createdBy, createdDate, updatedBy, updatedDate, activeStatus, txnAccessCode FROM ast_State_M WHERE ((activeStatus = ?) AND (stateId = ?))
	bind => [1, 27FECE7D-F5EA-46CD-B15A-FBD1492B263D]
Setting logged in user info for UPDATE
[EL Fine]: sql: 2016-01-29 10:58:45.894--ClientSession(987333125)--Connection(45543105)--Thread(Thread[Test worker,5,main])--SELECT stateId, countryId, stateCapital, stateCapitalLatitude, stateCapitalLongitude, stateCode, stateCodeChar2, stateCodeChar3, stateDescription, stateFlag, stateName, versionId, createdBy, createdDate, updatedBy, updatedDate, activeStatus, txnAccessCode FROM ast_State_M WHERE (stateId = ?)
	bind => [27FECE7D-F5EA-46CD-B15A-FBD1492B263D]
[EL Fine]: sql: 2016-01-29 10:58:45.898--ClientSession(987333125)--Connection(45543105)--Thread(Thread[Test worker,5,main])--UPDATE ast_State_M SET stateCapital = ?, stateCapitalLatitude = ?, stateCapitalLongitude = ?, stateCodeChar2 = ?, stateCodeChar3 = ?, stateDescription = ?, stateFlag = ?, stateName = ?, updatedBy = ?, versionId = ? WHERE ((stateId = ?) AND (versionId = ?))
	bind => [JiAIE9QB2YTGa6Yhrjz92b4OmLpniTcn858aPFJN30uXCjEqCI, 5, 9, fF5CYcgzQWM2QdpIquaSM1QSRiidDxco, 8jaGBg5QnLd4ntylvvXVvoPiJkiBRUq2, 2GxqKQEnncgYF4eQwZGaZFM793JIj265ikZfNTqhFJdTQoEBem, CtsfSe87GD70UEUcQRd1pqNAI9umUBSoLVjxFxx8dQaoJYR9wK, w7fz21eVrKC0WFwfBRQr3usLabaJ0giS1kZUco2ylGpGCnUTcc, AAAAA, 2, 27FECE7D-F5EA-46CD-B15A-FBD1492B263D, 1]
[EL Fine]: sql: 2016-01-29 10:58:45.953--ClientSession(426726966)--Connection(45543105)--Thread(Thread[Test worker,5,main])--SELECT stateId, countryId, stateCapital, stateCapitalLatitude, stateCapitalLongitude, stateCode, stateCodeChar2, stateCodeChar3, stateDescription, stateFlag, stateName, versionId, createdBy, createdDate, updatedBy, updatedDate, activeStatus, txnAccessCode FROM ast_State_M WHERE ((activeStatus = ?) AND (stateId = ?))
	bind => [1, 27FECE7D-F5EA-46CD-B15A-FBD1492B263D]
[EL Fine]: sql: 2016-01-29 10:58:45.965--ClientSession(1827852789)--Connection(45543105)--Thread(Thread[Test worker,5,main])--SELECT stateId, countryId, stateCapital, stateCapitalLatitude, stateCapitalLongitude, stateCode, stateCodeChar2, stateCodeChar3, stateDescription, stateFlag, stateName, versionId, createdBy, createdDate, updatedBy, updatedDate, activeStatus, txnAccessCode FROM ast_State_M WHERE ((activeStatus = ?) AND (countryId = ?))
	bind => [1, 02C418A1-5673-4AC5-932B-977B7373FD9D]
[EL Fine]: sql: 2016-01-29 10:58:45.974--ClientSession(974608913)--Connection(45543105)--Thread(Thread[Test worker,5,main])--SELECT stateId, countryId, stateCapital, stateCapitalLatitude, stateCapitalLongitude, stateCode, stateCodeChar2, stateCodeChar3, stateDescription, stateFlag, stateName, versionId, createdBy, createdDate, updatedBy, updatedDate, activeStatus, txnAccessCode FROM ast_State_M WHERE (stateId = ?)
	bind => [27FECE7D-F5EA-46CD-B15A-FBD1492B263D]
[EL Fine]: sql: 2016-01-29 10:58:45.976--ClientSession(974608913)--Connection(45543105)--Thread(Thread[Test worker,5,main])--DELETE FROM ast_State_M WHERE ((stateId = ?) AND (versionId = ?))
	bind => [27FECE7D-F5EA-46CD-B15A-FBD1492B263D, 2]
[EL Fine]: sql: 2016-01-29 10:58:46.022--ClientSession(1665486870)--Connection(45543105)--Thread(Thread[Test worker,5,main])--SELECT countryId, capital, capitalLatitude, capitalLongitude, countryCode1, countryCode2, countryFlag, countryName, currencyCode, currencyName, currencySymbol, isoNumeric, versionId, createdBy, createdDate, updatedBy, updatedDate, activeStatus, txnAccessCode FROM ast_Country_M WHERE (countryId = ?)
	bind => [02C418A1-5673-4AC5-932B-977B7373FD9D]
[EL Fine]: sql: 2016-01-29 10:58:46.024--ClientSession(1665486870)--Connection(45543105)--Thread(Thread[Test worker,5,main])--DELETE FROM ast_Country_M WHERE ((countryId = ?) AND (versionId = ?))
	bind => [02C418A1-5673-4AC5-932B-977B7373FD9D, 1]
]]></system-out>
  <system-err><![CDATA[]]></system-err>
</testsuite>
