<?xml version="1.0" encoding="UTF-8"?>
<testsuite name="com.app.server.service.QuestionLinkageTestCase" tests="7" skipped="0" failures="0" errors="0" timestamp="2016-01-29T10:58:44" hostname="270213fe0f11" time="0.735">
  <properties/>
  <testcase name="test1Save" classname="com.app.server.service.QuestionLinkageTestCase" time="0.221"/>
  <testcase name="test2Update" classname="com.app.server.service.QuestionLinkageTestCase" time="0.055"/>
  <testcase name="test3FindById" classname="com.app.server.service.QuestionLinkageTestCase" time="0.005"/>
  <testcase name="test3findByanswerId" classname="com.app.server.service.QuestionLinkageTestCase" time="0.004"/>
  <testcase name="test3findByquestionId" classname="com.app.server.service.QuestionLinkageTestCase" time="0.004"/>
  <testcase name="test4Delete" classname="com.app.server.service.QuestionLinkageTestCase" time="0.432"/>
  <testcase name="testNQFindLinkageByQuestionAnswer" classname="com.app.server.service.QuestionLinkageTestCase" time="0.013"/>
  <system-out><![CDATA[[EL Fine]: sql: 2016-01-29 10:58:44.158--ClientSession(338723524)--Connection(45543105)--Thread(Thread[Test worker,5,main])--INSERT INTO ast_AssessmentAnswer_M (answerId, answer, answerDesc, versionId, createdBy, createdDate, updatedBy, updatedDate, activeStatus, txnAccessCode) VALUES (?, ?, ?, ?, ?, ?, ?, ?, ?, ?)
	bind => [1E3D25C9-EDB2-4801-A3A7-2063F1B5D2A5, YS3Rs21AwnmVH9G8iJTL09OwuoWva1qGIzJvpOyq4peCHwZAEs, A, 1, AAAAA, 2016-01-29 10:58:44.156, null, 2016-01-29 10:58:44.156, 1, 51000]
[EL Fine]: sql: 2016-01-29 10:58:44.231--ClientSession(913778868)--Connection(45543105)--Thread(Thread[Test worker,5,main])--INSERT INTO ast_AssessmentQuestion_T (questionId, question, questionDesc, questionInference, versionId, createdBy, createdDate, updatedBy, updatedDate, activeStatus, txnAccessCode) VALUES (?, ?, ?, ?, ?, ?, ?, ?, ?, ?, ?)
	bind => [60810539-8478-45D7-86C8-8A6F0E8F6B4C, 3tlpQXf0C9oEUOM2Fcdhk8DLfp0rHE6ajZOEre58IJjqsMkzRU, I, true, 1, AAAAA, 2016-01-29 10:58:44.229, null, 2016-01-29 10:58:44.229, 1, 51000]
Setting logged in user info for ADD
[EL Fine]: sql: 2016-01-29 10:58:44.298--ClientSession(1382633671)--Connection(45543105)--Thread(Thread[Test worker,5,main])--INSERT INTO ast_QuestionLinkage_T (questionLinkId, answerId, firstGenQuestion, lastGenQuestion, linkedQuestionId, questionId, versionId, createdBy, createdDate, updatedBy, updatedDate, activeStatus, txnAccessCode) VALUES (?, ?, ?, ?, ?, ?, ?, ?, ?, ?, ?, ?, ?)
	bind => [03A6F674-DDEF-49DA-8400-A0930C473DF8, 1E3D25C9-EDB2-4801-A3A7-2063F1B5D2A5, true, true, MkXKleYpIY8yKgd76DyO59UzVrmWayM1Pdf4ODkLiKd48WJnI7, 60810539-8478-45D7-86C8-8A6F0E8F6B4C, 1, AAAAA, 2016-01-29 10:58:44.274, null, 2016-01-29 10:58:44.274, 1, 51000]
[EL Fine]: sql: 2016-01-29 10:58:44.367--ClientSession(990334322)--Connection(45543105)--Thread(Thread[Test worker,5,main])--SELECT questionLinkId, answerId, firstGenQuestion, lastGenQuestion, linkedQuestionId, questionId, versionId, createdBy, createdDate, updatedBy, updatedDate, activeStatus, txnAccessCode FROM ast_QuestionLinkage_T WHERE ((activeStatus = ?) AND (questionLinkId = ?))
	bind => [1, 03A6F674-DDEF-49DA-8400-A0930C473DF8]
Setting logged in user info for UPDATE
[EL Fine]: sql: 2016-01-29 10:58:44.369--ClientSession(203648690)--Connection(45543105)--Thread(Thread[Test worker,5,main])--SELECT questionLinkId, answerId, firstGenQuestion, lastGenQuestion, linkedQuestionId, questionId, versionId, createdBy, createdDate, updatedBy, updatedDate, activeStatus, txnAccessCode FROM ast_QuestionLinkage_T WHERE (questionLinkId = ?)
	bind => [03A6F674-DDEF-49DA-8400-A0930C473DF8]
[EL Fine]: sql: 2016-01-29 10:58:44.371--ClientSession(203648690)--Connection(45543105)--Thread(Thread[Test worker,5,main])--UPDATE ast_QuestionLinkage_T SET linkedQuestionId = ?, updatedBy = ?, versionId = ? WHERE ((questionLinkId = ?) AND (versionId = ?))
	bind => [1HFAkahnhp8S9yRaWvSQpkRXLwAE6Dvc9YDCCOVZD0ohKBX4Jx, AAAAA, 2, 03A6F674-DDEF-49DA-8400-A0930C473DF8, 1]
[EL Fine]: sql: 2016-01-29 10:58:44.421--ClientSession(3719135)--Connection(45543105)--Thread(Thread[Test worker,5,main])--SELECT questionLinkId, answerId, firstGenQuestion, lastGenQuestion, linkedQuestionId, questionId, versionId, createdBy, createdDate, updatedBy, updatedDate, activeStatus, txnAccessCode FROM ast_QuestionLinkage_T WHERE ((activeStatus = ?) AND (questionLinkId = ?))
	bind => [1, 03A6F674-DDEF-49DA-8400-A0930C473DF8]
[EL Fine]: sql: 2016-01-29 10:58:44.426--ClientSession(1388630214)--Connection(45543105)--Thread(Thread[Test worker,5,main])--SELECT questionLinkId, answerId, firstGenQuestion, lastGenQuestion, linkedQuestionId, questionId, versionId, createdBy, createdDate, updatedBy, updatedDate, activeStatus, txnAccessCode FROM ast_QuestionLinkage_T WHERE ((activeStatus = ?) AND (answerId = ?))
	bind => [1, 1E3D25C9-EDB2-4801-A3A7-2063F1B5D2A5]
[EL Fine]: sql: 2016-01-29 10:58:44.431--ClientSession(1312714359)--Connection(45543105)--Thread(Thread[Test worker,5,main])--SELECT questionLinkId, answerId, firstGenQuestion, lastGenQuestion, linkedQuestionId, questionId, versionId, createdBy, createdDate, updatedBy, updatedDate, activeStatus, txnAccessCode FROM ast_QuestionLinkage_T WHERE ((activeStatus = ?) AND (questionId = ?))
	bind => [1, 60810539-8478-45D7-86C8-8A6F0E8F6B4C]
[EL Fine]: sql: 2016-01-29 10:58:44.436--ClientSession(1445486401)--Connection(45543105)--Thread(Thread[Test worker,5,main])--SELECT questionLinkId, answerId, firstGenQuestion, lastGenQuestion, linkedQuestionId, questionId, versionId, createdBy, createdDate, updatedBy, updatedDate, activeStatus, txnAccessCode FROM ast_QuestionLinkage_T WHERE (questionLinkId = ?)
	bind => [03A6F674-DDEF-49DA-8400-A0930C473DF8]
[EL Fine]: sql: 2016-01-29 10:58:44.437--ClientSession(1445486401)--Connection(45543105)--Thread(Thread[Test worker,5,main])--DELETE FROM ast_QuestionLinkage_T WHERE ((questionLinkId = ?) AND (versionId = ?))
	bind => [03A6F674-DDEF-49DA-8400-A0930C473DF8, 2]
[EL Fine]: sql: 2016-01-29 10:58:44.532--ClientSession(207803317)--Connection(45543105)--Thread(Thread[Test worker,5,main])--SELECT questionId, question, questionDesc, questionInference, versionId, createdBy, createdDate, updatedBy, updatedDate, activeStatus, txnAccessCode FROM ast_AssessmentQuestion_T WHERE (questionId = ?)
	bind => [60810539-8478-45D7-86C8-8A6F0E8F6B4C]
[EL Fine]: sql: 2016-01-29 10:58:44.533--ClientSession(207803317)--Connection(45543105)--Thread(Thread[Test worker,5,main])--SELECT t1.answerId, t1.answer, t1.answerDesc, t1.versionId, t1.createdBy, t1.createdDate, t1.updatedBy, t1.updatedDate, t1.activeStatus, t1.txnAccessCode FROM ast_QuestionAnswerBridge_B t0, ast_AssessmentAnswer_M t1 WHERE ((t0.questionId = ?) AND (t1.answerId = t0.answerId))
	bind => [60810539-8478-45D7-86C8-8A6F0E8F6B4C]
[EL Fine]: sql: 2016-01-29 10:58:44.534--ClientSession(207803317)--Connection(45543105)--Thread(Thread[Test worker,5,main])--DELETE FROM ast_QuestionAnswerBridge_B WHERE (questionId = ?)
	bind => [60810539-8478-45D7-86C8-8A6F0E8F6B4C]
[EL Fine]: sql: 2016-01-29 10:58:44.534--ClientSession(207803317)--Connection(45543105)--Thread(Thread[Test worker,5,main])--DELETE FROM ast_AssessmentQuestion_T WHERE ((questionId = ?) AND (versionId = ?))
	bind => [60810539-8478-45D7-86C8-8A6F0E8F6B4C, 1]
[EL Fine]: sql: 2016-01-29 10:58:44.776--ClientSession(202928144)--Connection(45543105)--Thread(Thread[Test worker,5,main])--SELECT answerId, answer, answerDesc, versionId, createdBy, createdDate, updatedBy, updatedDate, activeStatus, txnAccessCode FROM ast_AssessmentAnswer_M WHERE (answerId = ?)
	bind => [1E3D25C9-EDB2-4801-A3A7-2063F1B5D2A5]
[EL Fine]: sql: 2016-01-29 10:58:44.777--ClientSession(202928144)--Connection(45543105)--Thread(Thread[Test worker,5,main])--DELETE FROM ast_AssessmentAnswer_M WHERE ((answerId = ?) AND (versionId = ?))
	bind => [1E3D25C9-EDB2-4801-A3A7-2063F1B5D2A5, 1]
[EL Fine]: sql: 2016-01-29 10:58:44.867--ClientSession(2115234358)--Connection(45543105)--Thread(Thread[Test worker,5,main])--SELECT questionLinkId, answerId, firstGenQuestion, lastGenQuestion, linkedQuestionId, questionId, versionId, createdBy, createdDate, updatedBy, updatedDate, activeStatus, txnAccessCode FROM ast_QuestionLinkage_T WHERE ((questionId = ?) AND (answerId = ?))
	bind => [ab, ab]
]]></system-out>
  <system-err><![CDATA[com.athena.framework.server.exception.repository.SpartanPersistenceException: Error in executing query
	at com.app.server.repository.QuestionLinkageRepositoryImpl.FindLinkageByQuestionAnswer(QuestionLinkageRepositoryImpl.java:157)
	at com.app.server.repository.QuestionLinkageRepositoryImpl.FindLinkageByQuestionAnswer(QuestionLinkageRepositoryImpl.java:17)
	at com.app.server.repository.QuestionLinkageRepositoryImpl$$FastClassByCGLIB$$ed066b36.invoke(<generated>)
	at org.springframework.cglib.proxy.MethodProxy.invoke(MethodProxy.java:204)
	at org.springframework.aop.framework.CglibAopProxy$CglibMethodInvocation.invokeJoinpoint(CglibAopProxy.java:701)
	at org.springframework.aop.framework.ReflectiveMethodInvocation.proceed(ReflectiveMethodInvocation.java:150)
	at org.springframework.aop.aspectj.MethodInvocationProceedingJoinPoint.proceed(MethodInvocationProceedingJoinPoint.java:80)
	at com.app.server.repository.aspect.RepositoryAspect.handleRepositoryCall(RepositoryAspect.java:109)
	at com.app.server.repository.aspect.RepositoryAspect.aroundfindAll(RepositoryAspect.java:74)
	at sun.reflect.GeneratedMethodAccessor70.invoke(Unknown Source)
	at sun.reflect.DelegatingMethodAccessorImpl.invoke(DelegatingMethodAccessorImpl.java:43)
	at java.lang.reflect.Method.invoke(Method.java:606)
	at org.springframework.aop.aspectj.AbstractAspectJAdvice.invokeAdviceMethodWithGivenArgs(AbstractAspectJAdvice.java:621)
	at org.springframework.aop.aspectj.AbstractAspectJAdvice.invokeAdviceMethod(AbstractAspectJAdvice.java:610)
	at org.springframework.aop.aspectj.AspectJAroundAdvice.invoke(AspectJAroundAdvice.java:65)
	at org.springframework.aop.framework.ReflectiveMethodInvocation.proceed(ReflectiveMethodInvocation.java:172)
	at org.springframework.transaction.interceptor.TransactionInterceptor$1.proceedWithInvocation(TransactionInterceptor.java:98)
	at org.springframework.transaction.interceptor.TransactionAspectSupport.invokeWithinTransaction(TransactionAspectSupport.java:262)
	at org.springframework.transaction.interceptor.TransactionInterceptor.invoke(TransactionInterceptor.java:95)
	at org.springframework.aop.framework.ReflectiveMethodInvocation.proceed(ReflectiveMethodInvocation.java:172)
	at org.springframework.aop.interceptor.ExposeInvocationInterceptor.invoke(ExposeInvocationInterceptor.java:91)
	at org.springframework.aop.framework.ReflectiveMethodInvocation.proceed(ReflectiveMethodInvocation.java:172)
	at org.springframework.aop.framework.CglibAopProxy$DynamicAdvisedInterceptor.intercept(CglibAopProxy.java:634)
	at com.app.server.repository.QuestionLinkageRepositoryImpl$$EnhancerByCGLIB$$e4125702.FindLinkageByQuestionAnswer(<generated>)
	at com.app.server.repository.QuestionLinkageRepositoryImpl$$FastClassByCGLIB$$ed066b36.invoke(<generated>)
	at org.springframework.cglib.proxy.MethodProxy.invoke(MethodProxy.java:204)
	at org.springframework.aop.framework.CglibAopProxy$CglibMethodInvocation.invokeJoinpoint(CglibAopProxy.java:701)
	at org.springframework.aop.framework.ReflectiveMethodInvocation.proceed(ReflectiveMethodInvocation.java:150)
	at org.springframework.aop.support.DelegatingIntroductionInterceptor.doProceed(DelegatingIntroductionInterceptor.java:132)
	at org.springframework.aop.support.DelegatingIntroductionInterceptor.invoke(DelegatingIntroductionInterceptor.java:120)
	at org.springframework.aop.framework.ReflectiveMethodInvocation.proceed(ReflectiveMethodInvocation.java:172)
	at org.springframework.aop.framework.CglibAopProxy$DynamicAdvisedInterceptor.intercept(CglibAopProxy.java:634)
	at com.app.server.repository.QuestionLinkageRepositoryImpl$$EnhancerByCGLIB$$b4037c59.FindLinkageByQuestionAnswer(<generated>)
	at com.app.server.service.QuestionLinkageTestCase.testNQFindLinkageByQuestionAnswer(QuestionLinkageTestCase.java:197)
	at sun.reflect.NativeMethodAccessorImpl.invoke0(Native Method)
	at sun.reflect.NativeMethodAccessorImpl.invoke(NativeMethodAccessorImpl.java:57)
	at sun.reflect.DelegatingMethodAccessorImpl.invoke(DelegatingMethodAccessorImpl.java:43)
	at java.lang.reflect.Method.invoke(Method.java:606)
	at org.junit.runners.model.FrameworkMethod$1.runReflectiveCall(FrameworkMethod.java:47)
	at org.junit.internal.runners.model.ReflectiveCallable.run(ReflectiveCallable.java:12)
	at org.junit.runners.model.FrameworkMethod.invokeExplosively(FrameworkMethod.java:44)
	at org.junit.internal.runners.statements.InvokeMethod.evaluate(InvokeMethod.java:17)
	at org.junit.internal.runners.statements.RunBefores.evaluate(RunBefores.java:26)
	at org.springframework.test.context.junit4.statements.RunBeforeTestMethodCallbacks.evaluate(RunBeforeTestMethodCallbacks.java:74)
	at org.junit.internal.runners.statements.RunAfters.evaluate(RunAfters.java:27)
	at org.springframework.test.context.junit4.statements.RunAfterTestMethodCallbacks.evaluate(RunAfterTestMethodCallbacks.java:83)
	at org.springframework.test.context.junit4.statements.SpringRepeat.evaluate(SpringRepeat.java:72)
	at org.springframework.test.context.junit4.SpringJUnit4ClassRunner.runChild(SpringJUnit4ClassRunner.java:233)
	at org.springframework.test.context.junit4.SpringJUnit4ClassRunner.runChild(SpringJUnit4ClassRunner.java:87)
	at org.junit.runners.ParentRunner$3.run(ParentRunner.java:238)
	at org.junit.runners.ParentRunner$1.schedule(ParentRunner.java:63)
	at org.junit.runners.ParentRunner.runChildren(ParentRunner.java:236)
	at org.junit.runners.ParentRunner.access$000(ParentRunner.java:53)
	at org.junit.runners.ParentRunner$2.evaluate(ParentRunner.java:229)
	at org.springframework.test.context.junit4.statements.RunBeforeTestClassCallbacks.evaluate(RunBeforeTestClassCallbacks.java:61)
	at org.springframework.test.context.junit4.statements.RunAfterTestClassCallbacks.evaluate(RunAfterTestClassCallbacks.java:71)
	at org.junit.runners.ParentRunner.run(ParentRunner.java:309)
	at org.springframework.test.context.junit4.SpringJUnit4ClassRunner.run(SpringJUnit4ClassRunner.java:176)
	at org.gradle.api.internal.tasks.testing.junit.JUnitTestClassExecuter.runTestClass(JUnitTestClassExecuter.java:86)
	at org.gradle.api.internal.tasks.testing.junit.JUnitTestClassExecuter.execute(JUnitTestClassExecuter.java:49)
	at org.gradle.api.internal.tasks.testing.junit.JUnitTestClassProcessor.processTestClass(JUnitTestClassProcessor.java:64)
	at org.gradle.api.internal.tasks.testing.SuiteTestClassProcessor.processTestClass(SuiteTestClassProcessor.java:50)
	at sun.reflect.GeneratedMethodAccessor116.invoke(Unknown Source)
	at sun.reflect.DelegatingMethodAccessorImpl.invoke(DelegatingMethodAccessorImpl.java:43)
	at java.lang.reflect.Method.invoke(Method.java:606)
	at org.gradle.messaging.dispatch.ReflectionDispatch.dispatch(ReflectionDispatch.java:35)
	at org.gradle.messaging.dispatch.ReflectionDispatch.dispatch(ReflectionDispatch.java:24)
	at org.gradle.messaging.dispatch.ContextClassLoaderDispatch.dispatch(ContextClassLoaderDispatch.java:32)
	at org.gradle.messaging.dispatch.ProxyDispatchAdapter$DispatchingInvocationHandler.invoke(ProxyDispatchAdapter.java:93)
	at com.sun.proxy.$Proxy2.processTestClass(Unknown Source)
	at org.gradle.api.internal.tasks.testing.worker.TestWorker.processTestClass(TestWorker.java:106)
	at sun.reflect.GeneratedMethodAccessor115.invoke(Unknown Source)
	at sun.reflect.DelegatingMethodAccessorImpl.invoke(DelegatingMethodAccessorImpl.java:43)
	at java.lang.reflect.Method.invoke(Method.java:606)
	at org.gradle.messaging.dispatch.ReflectionDispatch.dispatch(ReflectionDispatch.java:35)
	at org.gradle.messaging.dispatch.ReflectionDispatch.dispatch(ReflectionDispatch.java:24)
	at org.gradle.messaging.remote.internal.hub.MessageHub$Handler.run(MessageHub.java:360)
	at org.gradle.internal.concurrent.DefaultExecutorFactory$StoppableExecutorImpl$1.run(DefaultExecutorFactory.java:64)
	at java.util.concurrent.ThreadPoolExecutor.runWorker(ThreadPoolExecutor.java:1145)
	at java.util.concurrent.ThreadPoolExecutor$Worker.run(ThreadPoolExecutor.java:615)
	at java.lang.Thread.run(Thread.java:745)
Caused by: javax.persistence.NoResultException: getSingleResult() did not retrieve any entities.
	at org.eclipse.persistence.internal.jpa.QueryImpl.throwNoResultException(QueryImpl.java:972)
	at org.eclipse.persistence.internal.jpa.QueryImpl.getSingleResult(QueryImpl.java:522)
	at org.eclipse.persistence.internal.jpa.EJBQueryImpl.getSingleResult(EJBQueryImpl.java:400)
	at com.app.server.repository.QuestionLinkageRepositoryImpl.FindLinkageByQuestionAnswer(QuestionLinkageRepositoryImpl.java:154)
	... 80 more
com.athena.framework.server.exception.repository.SpartanPersistenceException: Error in executing query
	at com.app.server.repository.QuestionLinkageRepositoryImpl.FindLinkageByQuestionAnswer(QuestionLinkageRepositoryImpl.java:157)
	at com.app.server.repository.QuestionLinkageRepositoryImpl.FindLinkageByQuestionAnswer(QuestionLinkageRepositoryImpl.java:17)
	at com.app.server.repository.QuestionLinkageRepositoryImpl$$FastClassByCGLIB$$ed066b36.invoke(<generated>)
	at org.springframework.cglib.proxy.MethodProxy.invoke(MethodProxy.java:204)
	at org.springframework.aop.framework.CglibAopProxy$CglibMethodInvocation.invokeJoinpoint(CglibAopProxy.java:701)
	at org.springframework.aop.framework.ReflectiveMethodInvocation.proceed(ReflectiveMethodInvocation.java:150)
	at org.springframework.aop.aspectj.MethodInvocationProceedingJoinPoint.proceed(MethodInvocationProceedingJoinPoint.java:80)
	at com.app.server.repository.aspect.RepositoryAspect.handleRepositoryCall(RepositoryAspect.java:109)
	at com.app.server.repository.aspect.RepositoryAspect.aroundfindAll(RepositoryAspect.java:74)
	at sun.reflect.GeneratedMethodAccessor70.invoke(Unknown Source)
	at sun.reflect.DelegatingMethodAccessorImpl.invoke(DelegatingMethodAccessorImpl.java:43)
	at java.lang.reflect.Method.invoke(Method.java:606)
	at org.springframework.aop.aspectj.AbstractAspectJAdvice.invokeAdviceMethodWithGivenArgs(AbstractAspectJAdvice.java:621)
	at org.springframework.aop.aspectj.AbstractAspectJAdvice.invokeAdviceMethod(AbstractAspectJAdvice.java:610)
	at org.springframework.aop.aspectj.AspectJAroundAdvice.invoke(AspectJAroundAdvice.java:65)
	at org.springframework.aop.framework.ReflectiveMethodInvocation.proceed(ReflectiveMethodInvocation.java:172)
	at org.springframework.transaction.interceptor.TransactionInterceptor$1.proceedWithInvocation(TransactionInterceptor.java:98)
	at org.springframework.transaction.interceptor.TransactionAspectSupport.invokeWithinTransaction(TransactionAspectSupport.java:262)
	at org.springframework.transaction.interceptor.TransactionInterceptor.invoke(TransactionInterceptor.java:95)
	at org.springframework.aop.framework.ReflectiveMethodInvocation.proceed(ReflectiveMethodInvocation.java:172)
	at org.springframework.aop.interceptor.ExposeInvocationInterceptor.invoke(ExposeInvocationInterceptor.java:91)
	at org.springframework.aop.framework.ReflectiveMethodInvocation.proceed(ReflectiveMethodInvocation.java:172)
	at org.springframework.aop.framework.CglibAopProxy$DynamicAdvisedInterceptor.intercept(CglibAopProxy.java:634)
	at com.app.server.repository.QuestionLinkageRepositoryImpl$$EnhancerByCGLIB$$e4125702.FindLinkageByQuestionAnswer(<generated>)
	at com.app.server.repository.QuestionLinkageRepositoryImpl$$FastClassByCGLIB$$ed066b36.invoke(<generated>)
	at org.springframework.cglib.proxy.MethodProxy.invoke(MethodProxy.java:204)
	at org.springframework.aop.framework.CglibAopProxy$CglibMethodInvocation.invokeJoinpoint(CglibAopProxy.java:701)
	at org.springframework.aop.framework.ReflectiveMethodInvocation.proceed(ReflectiveMethodInvocation.java:150)
	at org.springframework.aop.support.DelegatingIntroductionInterceptor.doProceed(DelegatingIntroductionInterceptor.java:132)
	at org.springframework.aop.support.DelegatingIntroductionInterceptor.invoke(DelegatingIntroductionInterceptor.java:120)
	at org.springframework.aop.framework.ReflectiveMethodInvocation.proceed(ReflectiveMethodInvocation.java:172)
	at org.springframework.aop.framework.CglibAopProxy$DynamicAdvisedInterceptor.intercept(CglibAopProxy.java:634)
	at com.app.server.repository.QuestionLinkageRepositoryImpl$$EnhancerByCGLIB$$b4037c59.FindLinkageByQuestionAnswer(<generated>)
	at com.app.server.service.QuestionLinkageTestCase.testNQFindLinkageByQuestionAnswer(QuestionLinkageTestCase.java:197)
	at sun.reflect.NativeMethodAccessorImpl.invoke0(Native Method)
	at sun.reflect.NativeMethodAccessorImpl.invoke(NativeMethodAccessorImpl.java:57)
	at sun.reflect.DelegatingMethodAccessorImpl.invoke(DelegatingMethodAccessorImpl.java:43)
	at java.lang.reflect.Method.invoke(Method.java:606)
	at org.junit.runners.model.FrameworkMethod$1.runReflectiveCall(FrameworkMethod.java:47)
	at org.junit.internal.runners.model.ReflectiveCallable.run(ReflectiveCallable.java:12)
	at org.junit.runners.model.FrameworkMethod.invokeExplosively(FrameworkMethod.java:44)
	at org.junit.internal.runners.statements.InvokeMethod.evaluate(InvokeMethod.java:17)
	at org.junit.internal.runners.statements.RunBefores.evaluate(RunBefores.java:26)
	at org.springframework.test.context.junit4.statements.RunBeforeTestMethodCallbacks.evaluate(RunBeforeTestMethodCallbacks.java:74)
	at org.junit.internal.runners.statements.RunAfters.evaluate(RunAfters.java:27)
	at org.springframework.test.context.junit4.statements.RunAfterTestMethodCallbacks.evaluate(RunAfterTestMethodCallbacks.java:83)
	at org.springframework.test.context.junit4.statements.SpringRepeat.evaluate(SpringRepeat.java:72)
	at org.springframework.test.context.junit4.SpringJUnit4ClassRunner.runChild(SpringJUnit4ClassRunner.java:233)
	at org.springframework.test.context.junit4.SpringJUnit4ClassRunner.runChild(SpringJUnit4ClassRunner.java:87)
	at org.junit.runners.ParentRunner$3.run(ParentRunner.java:238)
	at org.junit.runners.ParentRunner$1.schedule(ParentRunner.java:63)
	at org.junit.runners.ParentRunner.runChildren(ParentRunner.java:236)
	at org.junit.runners.ParentRunner.access$000(ParentRunner.java:53)
	at org.junit.runners.ParentRunner$2.evaluate(ParentRunner.java:229)
	at org.springframework.test.context.junit4.statements.RunBeforeTestClassCallbacks.evaluate(RunBeforeTestClassCallbacks.java:61)
	at org.springframework.test.context.junit4.statements.RunAfterTestClassCallbacks.evaluate(RunAfterTestClassCallbacks.java:71)
	at org.junit.runners.ParentRunner.run(ParentRunner.java:309)
	at org.springframework.test.context.junit4.SpringJUnit4ClassRunner.run(SpringJUnit4ClassRunner.java:176)
	at org.gradle.api.internal.tasks.testing.junit.JUnitTestClassExecuter.runTestClass(JUnitTestClassExecuter.java:86)
	at org.gradle.api.internal.tasks.testing.junit.JUnitTestClassExecuter.execute(JUnitTestClassExecuter.java:49)
	at org.gradle.api.internal.tasks.testing.junit.JUnitTestClassProcessor.processTestClass(JUnitTestClassProcessor.java:64)
	at org.gradle.api.internal.tasks.testing.SuiteTestClassProcessor.processTestClass(SuiteTestClassProcessor.java:50)
	at sun.reflect.GeneratedMethodAccessor116.invoke(Unknown Source)
	at sun.reflect.DelegatingMethodAccessorImpl.invoke(DelegatingMethodAccessorImpl.java:43)
	at java.lang.reflect.Method.invoke(Method.java:606)
	at org.gradle.messaging.dispatch.ReflectionDispatch.dispatch(ReflectionDispatch.java:35)
	at org.gradle.messaging.dispatch.ReflectionDispatch.dispatch(ReflectionDispatch.java:24)
	at org.gradle.messaging.dispatch.ContextClassLoaderDispatch.dispatch(ContextClassLoaderDispatch.java:32)
	at org.gradle.messaging.dispatch.ProxyDispatchAdapter$DispatchingInvocationHandler.invoke(ProxyDispatchAdapter.java:93)
	at com.sun.proxy.$Proxy2.processTestClass(Unknown Source)
	at org.gradle.api.internal.tasks.testing.worker.TestWorker.processTestClass(TestWorker.java:106)
	at sun.reflect.GeneratedMethodAccessor115.invoke(Unknown Source)
	at sun.reflect.DelegatingMethodAccessorImpl.invoke(DelegatingMethodAccessorImpl.java:43)
	at java.lang.reflect.Method.invoke(Method.java:606)
	at org.gradle.messaging.dispatch.ReflectionDispatch.dispatch(ReflectionDispatch.java:35)
	at org.gradle.messaging.dispatch.ReflectionDispatch.dispatch(ReflectionDispatch.java:24)
	at org.gradle.messaging.remote.internal.hub.MessageHub$Handler.run(MessageHub.java:360)
	at org.gradle.internal.concurrent.DefaultExecutorFactory$StoppableExecutorImpl$1.run(DefaultExecutorFactory.java:64)
	at java.util.concurrent.ThreadPoolExecutor.runWorker(ThreadPoolExecutor.java:1145)
	at java.util.concurrent.ThreadPoolExecutor$Worker.run(ThreadPoolExecutor.java:615)
	at java.lang.Thread.run(Thread.java:745)
Caused by: javax.persistence.NoResultException: getSingleResult() did not retrieve any entities.
	at org.eclipse.persistence.internal.jpa.QueryImpl.throwNoResultException(QueryImpl.java:972)
	at org.eclipse.persistence.internal.jpa.QueryImpl.getSingleResult(QueryImpl.java:522)
	at org.eclipse.persistence.internal.jpa.EJBQueryImpl.getSingleResult(EJBQueryImpl.java:400)
	at com.app.server.repository.QuestionLinkageRepositoryImpl.FindLinkageByQuestionAnswer(QuestionLinkageRepositoryImpl.java:154)
	... 80 more
com.athena.framework.server.exception.repository.SpartanPersistenceException: Error in executing query
	at com.app.server.repository.QuestionLinkageRepositoryImpl.FindLinkageByQuestionAnswer(QuestionLinkageRepositoryImpl.java:157)
	at com.app.server.repository.QuestionLinkageRepositoryImpl.FindLinkageByQuestionAnswer(QuestionLinkageRepositoryImpl.java:17)
	at com.app.server.repository.QuestionLinkageRepositoryImpl$$FastClassByCGLIB$$ed066b36.invoke(<generated>)
	at org.springframework.cglib.proxy.MethodProxy.invoke(MethodProxy.java:204)
	at org.springframework.aop.framework.CglibAopProxy$CglibMethodInvocation.invokeJoinpoint(CglibAopProxy.java:701)
	at org.springframework.aop.framework.ReflectiveMethodInvocation.proceed(ReflectiveMethodInvocation.java:150)
	at org.springframework.aop.aspectj.MethodInvocationProceedingJoinPoint.proceed(MethodInvocationProceedingJoinPoint.java:80)
	at com.app.server.repository.aspect.RepositoryAspect.handleRepositoryCall(RepositoryAspect.java:109)
	at com.app.server.repository.aspect.RepositoryAspect.aroundfindAll(RepositoryAspect.java:74)
	at sun.reflect.GeneratedMethodAccessor70.invoke(Unknown Source)
	at sun.reflect.DelegatingMethodAccessorImpl.invoke(DelegatingMethodAccessorImpl.java:43)
	at java.lang.reflect.Method.invoke(Method.java:606)
	at org.springframework.aop.aspectj.AbstractAspectJAdvice.invokeAdviceMethodWithGivenArgs(AbstractAspectJAdvice.java:621)
	at org.springframework.aop.aspectj.AbstractAspectJAdvice.invokeAdviceMethod(AbstractAspectJAdvice.java:610)
	at org.springframework.aop.aspectj.AspectJAroundAdvice.invoke(AspectJAroundAdvice.java:65)
	at org.springframework.aop.framework.ReflectiveMethodInvocation.proceed(ReflectiveMethodInvocation.java:172)
	at org.springframework.transaction.interceptor.TransactionInterceptor$1.proceedWithInvocation(TransactionInterceptor.java:98)
	at org.springframework.transaction.interceptor.TransactionAspectSupport.invokeWithinTransaction(TransactionAspectSupport.java:262)
	at org.springframework.transaction.interceptor.TransactionInterceptor.invoke(TransactionInterceptor.java:95)
	at org.springframework.aop.framework.ReflectiveMethodInvocation.proceed(ReflectiveMethodInvocation.java:172)
	at org.springframework.aop.interceptor.ExposeInvocationInterceptor.invoke(ExposeInvocationInterceptor.java:91)
	at org.springframework.aop.framework.ReflectiveMethodInvocation.proceed(ReflectiveMethodInvocation.java:172)
	at org.springframework.aop.framework.CglibAopProxy$DynamicAdvisedInterceptor.intercept(CglibAopProxy.java:634)
	at com.app.server.repository.QuestionLinkageRepositoryImpl$$EnhancerByCGLIB$$e4125702.FindLinkageByQuestionAnswer(<generated>)
	at com.app.server.repository.QuestionLinkageRepositoryImpl$$FastClassByCGLIB$$ed066b36.invoke(<generated>)
	at org.springframework.cglib.proxy.MethodProxy.invoke(MethodProxy.java:204)
	at org.springframework.aop.framework.CglibAopProxy$CglibMethodInvocation.invokeJoinpoint(CglibAopProxy.java:701)
	at org.springframework.aop.framework.ReflectiveMethodInvocation.proceed(ReflectiveMethodInvocation.java:150)
	at org.springframework.aop.support.DelegatingIntroductionInterceptor.doProceed(DelegatingIntroductionInterceptor.java:132)
	at org.springframework.aop.support.DelegatingIntroductionInterceptor.invoke(DelegatingIntroductionInterceptor.java:120)
	at org.springframework.aop.framework.ReflectiveMethodInvocation.proceed(ReflectiveMethodInvocation.java:172)
	at org.springframework.aop.framework.CglibAopProxy$DynamicAdvisedInterceptor.intercept(CglibAopProxy.java:634)
	at com.app.server.repository.QuestionLinkageRepositoryImpl$$EnhancerByCGLIB$$b4037c59.FindLinkageByQuestionAnswer(<generated>)
	at com.app.server.service.QuestionLinkageTestCase.testNQFindLinkageByQuestionAnswer(QuestionLinkageTestCase.java:197)
	at sun.reflect.NativeMethodAccessorImpl.invoke0(Native Method)
	at sun.reflect.NativeMethodAccessorImpl.invoke(NativeMethodAccessorImpl.java:57)
	at sun.reflect.DelegatingMethodAccessorImpl.invoke(DelegatingMethodAccessorImpl.java:43)
	at java.lang.reflect.Method.invoke(Method.java:606)
	at org.junit.runners.model.FrameworkMethod$1.runReflectiveCall(FrameworkMethod.java:47)
	at org.junit.internal.runners.model.ReflectiveCallable.run(ReflectiveCallable.java:12)
	at org.junit.runners.model.FrameworkMethod.invokeExplosively(FrameworkMethod.java:44)
	at org.junit.internal.runners.statements.InvokeMethod.evaluate(InvokeMethod.java:17)
	at org.junit.internal.runners.statements.RunBefores.evaluate(RunBefores.java:26)
	at org.springframework.test.context.junit4.statements.RunBeforeTestMethodCallbacks.evaluate(RunBeforeTestMethodCallbacks.java:74)
	at org.junit.internal.runners.statements.RunAfters.evaluate(RunAfters.java:27)
	at org.springframework.test.context.junit4.statements.RunAfterTestMethodCallbacks.evaluate(RunAfterTestMethodCallbacks.java:83)
	at org.springframework.test.context.junit4.statements.SpringRepeat.evaluate(SpringRepeat.java:72)
	at org.springframework.test.context.junit4.SpringJUnit4ClassRunner.runChild(SpringJUnit4ClassRunner.java:233)
	at org.springframework.test.context.junit4.SpringJUnit4ClassRunner.runChild(SpringJUnit4ClassRunner.java:87)
	at org.junit.runners.ParentRunner$3.run(ParentRunner.java:238)
	at org.junit.runners.ParentRunner$1.schedule(ParentRunner.java:63)
	at org.junit.runners.ParentRunner.runChildren(ParentRunner.java:236)
	at org.junit.runners.ParentRunner.access$000(ParentRunner.java:53)
	at org.junit.runners.ParentRunner$2.evaluate(ParentRunner.java:229)
	at org.springframework.test.context.junit4.statements.RunBeforeTestClassCallbacks.evaluate(RunBeforeTestClassCallbacks.java:61)
	at org.springframework.test.context.junit4.statements.RunAfterTestClassCallbacks.evaluate(RunAfterTestClassCallbacks.java:71)
	at org.junit.runners.ParentRunner.run(ParentRunner.java:309)
	at org.springframework.test.context.junit4.SpringJUnit4ClassRunner.run(SpringJUnit4ClassRunner.java:176)
	at org.gradle.api.internal.tasks.testing.junit.JUnitTestClassExecuter.runTestClass(JUnitTestClassExecuter.java:86)
	at org.gradle.api.internal.tasks.testing.junit.JUnitTestClassExecuter.execute(JUnitTestClassExecuter.java:49)
	at org.gradle.api.internal.tasks.testing.junit.JUnitTestClassProcessor.processTestClass(JUnitTestClassProcessor.java:64)
	at org.gradle.api.internal.tasks.testing.SuiteTestClassProcessor.processTestClass(SuiteTestClassProcessor.java:50)
	at sun.reflect.GeneratedMethodAccessor116.invoke(Unknown Source)
	at sun.reflect.DelegatingMethodAccessorImpl.invoke(DelegatingMethodAccessorImpl.java:43)
	at java.lang.reflect.Method.invoke(Method.java:606)
	at org.gradle.messaging.dispatch.ReflectionDispatch.dispatch(ReflectionDispatch.java:35)
	at org.gradle.messaging.dispatch.ReflectionDispatch.dispatch(ReflectionDispatch.java:24)
	at org.gradle.messaging.dispatch.ContextClassLoaderDispatch.dispatch(ContextClassLoaderDispatch.java:32)
	at org.gradle.messaging.dispatch.ProxyDispatchAdapter$DispatchingInvocationHandler.invoke(ProxyDispatchAdapter.java:93)
	at com.sun.proxy.$Proxy2.processTestClass(Unknown Source)
	at org.gradle.api.internal.tasks.testing.worker.TestWorker.processTestClass(TestWorker.java:106)
	at sun.reflect.GeneratedMethodAccessor115.invoke(Unknown Source)
	at sun.reflect.DelegatingMethodAccessorImpl.invoke(DelegatingMethodAccessorImpl.java:43)
	at java.lang.reflect.Method.invoke(Method.java:606)
	at org.gradle.messaging.dispatch.ReflectionDispatch.dispatch(ReflectionDispatch.java:35)
	at org.gradle.messaging.dispatch.ReflectionDispatch.dispatch(ReflectionDispatch.java:24)
	at org.gradle.messaging.remote.internal.hub.MessageHub$Handler.run(MessageHub.java:360)
	at org.gradle.internal.concurrent.DefaultExecutorFactory$StoppableExecutorImpl$1.run(DefaultExecutorFactory.java:64)
	at java.util.concurrent.ThreadPoolExecutor.runWorker(ThreadPoolExecutor.java:1145)
	at java.util.concurrent.ThreadPoolExecutor$Worker.run(ThreadPoolExecutor.java:615)
	at java.lang.Thread.run(Thread.java:745)
Caused by: javax.persistence.NoResultException: getSingleResult() did not retrieve any entities.
	at org.eclipse.persistence.internal.jpa.QueryImpl.throwNoResultException(QueryImpl.java:972)
	at org.eclipse.persistence.internal.jpa.QueryImpl.getSingleResult(QueryImpl.java:522)
	at org.eclipse.persistence.internal.jpa.EJBQueryImpl.getSingleResult(EJBQueryImpl.java:400)
	at com.app.server.repository.QuestionLinkageRepositoryImpl.FindLinkageByQuestionAnswer(QuestionLinkageRepositoryImpl.java:154)
	... 80 more
]]></system-err>
</testsuite>
