<?xml version="1.0" encoding="UTF-8"?>
<testsuite name="com.app.server.service.ContactTypeTestCase" tests="4" skipped="0" failures="0" errors="0" timestamp="2016-01-29T10:58:42" hostname="270213fe0f11" time="0.273">
  <properties/>
  <testcase name="test1Save" classname="com.app.server.service.ContactTypeTestCase" time="0.118"/>
  <testcase name="test2Update" classname="com.app.server.service.ContactTypeTestCase" time="0.065"/>
  <testcase name="test3FindById" classname="com.app.server.service.ContactTypeTestCase" time="0.008"/>
  <testcase name="test4Delete" classname="com.app.server.service.ContactTypeTestCase" time="0.08"/>
  <system-out><![CDATA[Setting logged in user info for ADD
[EL Fine]: sql: 2016-01-29 10:58:42.744--ClientSession(481638711)--Connection(45543105)--Thread(Thread[Test worker,5,main])--INSERT INTO ast_ContactType_M (contactTypeId, contactType, contactTypeDesc, contactTypeIcon, versionId, createdBy, createdDate, updatedBy, updatedDate, activeStatus, txnAccessCode) VALUES (?, ?, ?, ?, ?, ?, ?, ?, ?, ?, ?)
	bind => [D05B97FE-C699-4C69-9889-393141634B2B, bxRe0YqWn0FpML4UZI5CFOankumBI5koowUkmfKfOZv8tZ2bNj, 9fcWFuQt3XUQLSB5FwhnLWhrAcdkoaDJ2tuBEiaeR9oDJFPSJF, w1TczQiwtpOTyCZMhCFRKhoxcxo7DvouioLxtd6WAQL2yfIm9W, 1, AAAAA, 2016-01-29 10:58:42.698, null, 2016-01-29 10:58:42.698, 1, 51000]
[EL Fine]: sql: 2016-01-29 10:58:42.803--ClientSession(1038898951)--Connection(45543105)--Thread(Thread[Test worker,5,main])--SELECT contactTypeId, contactType, contactTypeDesc, contactTypeIcon, versionId, createdBy, createdDate, updatedBy, updatedDate, activeStatus, txnAccessCode FROM ast_ContactType_M WHERE ((activeStatus = ?) AND (contactTypeId = ?))
	bind => [1, D05B97FE-C699-4C69-9889-393141634B2B]
Setting logged in user info for UPDATE
[EL Fine]: sql: 2016-01-29 10:58:42.81--ClientSession(1216553945)--Connection(45543105)--Thread(Thread[Test worker,5,main])--SELECT contactTypeId, contactType, contactTypeDesc, contactTypeIcon, versionId, createdBy, createdDate, updatedBy, updatedDate, activeStatus, txnAccessCode FROM ast_ContactType_M WHERE (contactTypeId = ?)
	bind => [D05B97FE-C699-4C69-9889-393141634B2B]
[EL Fine]: sql: 2016-01-29 10:58:42.814--ClientSession(1216553945)--Connection(45543105)--Thread(Thread[Test worker,5,main])--UPDATE ast_ContactType_M SET contactType = ?, contactTypeDesc = ?, contactTypeIcon = ?, updatedBy = ?, versionId = ? WHERE ((contactTypeId = ?) AND (versionId = ?))
	bind => [bhsau3B3CWTvJGuCKTycGI9ZwlzUs6OcbmeBNcctWyrfWMj6v6, Rzgp8RKg2pQRoPEsL4oksbRECeU8PDkm37iAPxHSp3IltZVpvW, ZSTO4F18cBorMBsy3LpQu1tEZeIitRMe1xXmmtaXuqKdZeNjZe, AAAAA, 2, D05B97FE-C699-4C69-9889-393141634B2B, 1]
[EL Fine]: sql: 2016-01-29 10:58:42.865--ClientSession(1075050966)--Connection(45543105)--Thread(Thread[Test worker,5,main])--SELECT contactTypeId, contactType, contactTypeDesc, contactTypeIcon, versionId, createdBy, createdDate, updatedBy, updatedDate, activeStatus, txnAccessCode FROM ast_ContactType_M WHERE ((activeStatus = ?) AND (contactTypeId = ?))
	bind => [1, D05B97FE-C699-4C69-9889-393141634B2B]
[EL Fine]: sql: 2016-01-29 10:58:42.872--ClientSession(108711866)--Connection(45543105)--Thread(Thread[Test worker,5,main])--SELECT contactTypeId, contactType, contactTypeDesc, contactTypeIcon, versionId, createdBy, createdDate, updatedBy, updatedDate, activeStatus, txnAccessCode FROM ast_ContactType_M WHERE (contactTypeId = ?)
	bind => [D05B97FE-C699-4C69-9889-393141634B2B]
[EL Fine]: sql: 2016-01-29 10:58:42.874--ClientSession(108711866)--Connection(45543105)--Thread(Thread[Test worker,5,main])--DELETE FROM ast_ContactType_M WHERE ((contactTypeId = ?) AND (versionId = ?))
	bind => [D05B97FE-C699-4C69-9889-393141634B2B, 2]
]]></system-out>
  <system-err><![CDATA[]]></system-err>
</testsuite>
