<?xml version="1.0" encoding="UTF-8"?>
<testsuite name="com.app.server.service.PasswordAlgoTestCase" tests="4" skipped="0" failures="0" errors="0" timestamp="2016-01-29T10:58:21" hostname="270213fe0f11" time="0.246">
  <properties/>
  <testcase name="test1Save" classname="com.app.server.service.PasswordAlgoTestCase" time="0.123"/>
  <testcase name="test2Update" classname="com.app.server.service.PasswordAlgoTestCase" time="0.055"/>
  <testcase name="test3FindById" classname="com.app.server.service.PasswordAlgoTestCase" time="0.006"/>
  <testcase name="test4Delete" classname="com.app.server.service.PasswordAlgoTestCase" time="0.061"/>
  <system-out><![CDATA[Setting logged in user info for ADD
[EL Fine]: sql: 2016-01-29 10:58:21.588--ClientSession(1361727780)--Connection(45543105)--Thread(Thread[Test worker,5,main])--INSERT INTO ast_PasswordAlgo_M (algoId, algoDescription, algoHelp, algoIcon, algoName, algorithm, versionId, createdBy, createdDate, updatedBy, updatedDate, activeStatus, txnAccessCode) VALUES (?, ?, ?, ?, ?, ?, ?, ?, ?, ?, ?, ?, ?)
	bind => [B471974B-4655-4CB1-90A5-B87FA7AD6ED7, 2NJjRZzNfoKZxTX6uFsW2cI6aD8OnFBspRSOvSYjD7KVObHGGL, q5H3XyelktolhJzTsjVhYYgzp7PPcGsurybBwEWOlLVNwAwKeB, vA5MgBeIJeIXU62QFC9aAc7rUnq3aiirgPqLLYbJFPlNY2gKiq, H8himPOT2v5eUOqvn0LYFsANy2wJLoz1plRnzCP4JK7Wyf2Ah9, 9, 1, AAAAA, 2016-01-29 10:58:21.564, null, 2016-01-29 10:58:21.564, 1, 51000]
[EL Fine]: sql: 2016-01-29 10:58:21.684--ClientSession(41516022)--Connection(45543105)--Thread(Thread[Test worker,5,main])--SELECT algoId, algoDescription, algoHelp, algoIcon, algoName, algorithm, versionId, createdBy, createdDate, updatedBy, updatedDate, activeStatus, txnAccessCode FROM ast_PasswordAlgo_M WHERE ((activeStatus = ?) AND (algoId = ?))
	bind => [1, B471974B-4655-4CB1-90A5-B87FA7AD6ED7]
Setting logged in user info for UPDATE
[EL Fine]: sql: 2016-01-29 10:58:21.687--ClientSession(894780156)--Connection(45543105)--Thread(Thread[Test worker,5,main])--SELECT algoId, algoDescription, algoHelp, algoIcon, algoName, algorithm, versionId, createdBy, createdDate, updatedBy, updatedDate, activeStatus, txnAccessCode FROM ast_PasswordAlgo_M WHERE (algoId = ?)
	bind => [B471974B-4655-4CB1-90A5-B87FA7AD6ED7]
[EL Fine]: sql: 2016-01-29 10:58:21.689--ClientSession(894780156)--Connection(45543105)--Thread(Thread[Test worker,5,main])--UPDATE ast_PasswordAlgo_M SET algoDescription = ?, algoHelp = ?, algoIcon = ?, algoName = ?, algorithm = ?, updatedBy = ?, versionId = ? WHERE ((algoId = ?) AND (versionId = ?))
	bind => [Z4xpHvG84ftO7AllQNRpRlhfcGIGULpi7lzyXNBxyvjV3nrsNE, 6yFmY8rRmXyr8bQGXNNYX8D9YcooCJiFkSh4OvNG5T7e5jcWou, duXL7mhgu7COQ6jFj9gq0LMBQArde4GDgt0GTE22CnFDnclgSl, RDjuyAgywm2WkseXiOBL3s4oDjA8Ma34TXtxRHEOSKLxZ32ofV, 6, AAAAA, 2, B471974B-4655-4CB1-90A5-B87FA7AD6ED7, 1]
[EL Fine]: sql: 2016-01-29 10:58:21.739--ClientSession(1707907435)--Connection(45543105)--Thread(Thread[Test worker,5,main])--SELECT algoId, algoDescription, algoHelp, algoIcon, algoName, algorithm, versionId, createdBy, createdDate, updatedBy, updatedDate, activeStatus, txnAccessCode FROM ast_PasswordAlgo_M WHERE ((activeStatus = ?) AND (algoId = ?))
	bind => [1, B471974B-4655-4CB1-90A5-B87FA7AD6ED7]
[EL Fine]: sql: 2016-01-29 10:58:21.744--ClientSession(1831067896)--Connection(45543105)--Thread(Thread[Test worker,5,main])--SELECT algoId, algoDescription, algoHelp, algoIcon, algoName, algorithm, versionId, createdBy, createdDate, updatedBy, updatedDate, activeStatus, txnAccessCode FROM ast_PasswordAlgo_M WHERE (algoId = ?)
	bind => [B471974B-4655-4CB1-90A5-B87FA7AD6ED7]
[EL Fine]: sql: 2016-01-29 10:58:21.747--ClientSession(1831067896)--Connection(45543105)--Thread(Thread[Test worker,5,main])--DELETE FROM ast_PasswordAlgo_M WHERE ((algoId = ?) AND (versionId = ?))
	bind => [B471974B-4655-4CB1-90A5-B87FA7AD6ED7, 2]
]]></system-out>
  <system-err><![CDATA[]]></system-err>
</testsuite>
